[20:40:18] INFO simulator.py:82: Simulation config: SimConfig(trace_dir='traces/moba-512-3/beyond-4096', hidden_size=1024, num_layers=28, num_heads=16, kv_group_size=2, block_size=512, context_length=4096, top_k=3, page_size=32, store_all_kvheads=True, dtype_bytes=2, cache_size=2.5, eviction_algorithm='lru', batch_size=1, continuous_batching=False, verbose=False)
Processing trace traces/moba-512-3/beyond-4096/trace0000
[20:40:18] INFO simulator.py:66: Using cache eviction algorithm: LRU
[20:40:20] INFO simulator.py:99: Cache occupied 2684354560 bytes
Processing trace traces/moba-512-3/beyond-4096/trace0001
[20:40:20] INFO simulator.py:66: Using cache eviction algorithm: LRU
[20:40:23] INFO simulator.py:99: Cache occupied 2684354560 bytes
Processing trace traces/moba-512-3/beyond-4096/trace0002
[20:40:23] INFO simulator.py:66: Using cache eviction algorithm: LRU
[20:40:27] INFO simulator.py:99: Cache occupied 2684354560 bytes
Processing trace traces/moba-512-3/beyond-4096/trace0003
[20:40:27] INFO simulator.py:66: Using cache eviction algorithm: LRU
[20:40:30] INFO simulator.py:99: Cache occupied 2684354560 bytes
Processing trace traces/moba-512-3/beyond-4096/trace0004
[20:40:30] INFO simulator.py:66: Using cache eviction algorithm: LRU
[20:40:31] INFO simulator.py:99: Cache occupied 2684354560 bytes
Processing trace traces/moba-512-3/beyond-4096/trace0005
[20:40:31] INFO simulator.py:66: Using cache eviction algorithm: LRU
[20:40:34] INFO simulator.py:99: Cache occupied 2684354560 bytes
Processing trace traces/moba-512-3/beyond-4096/trace0006
[20:40:34] INFO simulator.py:66: Using cache eviction algorithm: LRU
[20:40:38] INFO simulator.py:99: Cache occupied 2684354560 bytes
Processing trace traces/moba-512-3/beyond-4096/trace0007
[20:40:38] INFO simulator.py:66: Using cache eviction algorithm: LRU
[20:40:41] INFO simulator.py:99: Cache occupied 2684354560 bytes
Processing trace traces/moba-512-3/beyond-4096/trace0008
[20:40:41] INFO simulator.py:66: Using cache eviction algorithm: LRU
[20:40:45] INFO simulator.py:99: Cache occupied 2684354560 bytes
Processing trace traces/moba-512-3/beyond-4096/trace0009
[20:40:45] INFO simulator.py:66: Using cache eviction algorithm: LRU
[20:40:48] INFO simulator.py:99: Cache occupied 2684354560 bytes
Processing trace traces/moba-512-3/beyond-4096/trace0010
[20:40:48] INFO simulator.py:66: Using cache eviction algorithm: LRU
[20:40:52] INFO simulator.py:99: Cache occupied 2684354560 bytes
Processing trace traces/moba-512-3/beyond-4096/trace0011
[20:40:52] INFO simulator.py:66: Using cache eviction algorithm: LRU
[20:40:52] INFO simulator.py:99: Cache occupied 2684354560 bytes
Processing trace traces/moba-512-3/beyond-4096/trace0012
[20:40:52] INFO simulator.py:66: Using cache eviction algorithm: LRU
[20:40:56] INFO simulator.py:99: Cache occupied 2684354560 bytes
Processing trace traces/moba-512-3/beyond-4096/trace0013
[20:40:56] INFO simulator.py:66: Using cache eviction algorithm: LRU
[20:40:59] INFO simulator.py:99: Cache occupied 2684354560 bytes
Processing trace traces/moba-512-3/beyond-4096/trace0014
[20:40:59] INFO simulator.py:66: Using cache eviction algorithm: LRU
[20:41:03] INFO simulator.py:99: Cache occupied 2684354560 bytes
Processing trace traces/moba-512-3/beyond-4096/trace0015
[20:41:03] INFO simulator.py:66: Using cache eviction algorithm: LRU
[20:41:06] INFO simulator.py:99: Cache occupied 2684354560 bytes
Processing trace traces/moba-512-3/beyond-4096/trace0016
[20:41:06] INFO simulator.py:66: Using cache eviction algorithm: LRU
[20:41:10] INFO simulator.py:99: Cache occupied 2684354560 bytes
Processing trace traces/moba-512-3/beyond-4096/trace0017
[20:41:10] INFO simulator.py:66: Using cache eviction algorithm: LRU
[20:41:13] INFO simulator.py:99: Cache occupied 2684354560 bytes
Processing trace traces/moba-512-3/beyond-4096/trace0018
[20:41:13] INFO simulator.py:66: Using cache eviction algorithm: LRU
[20:41:17] INFO simulator.py:99: Cache occupied 2684354560 bytes
Processing trace traces/moba-512-3/beyond-4096/trace0019
[20:41:17] INFO simulator.py:66: Using cache eviction algorithm: LRU
[20:41:20] INFO simulator.py:99: Cache occupied 2684354560 bytes
Processing trace traces/moba-512-3/beyond-4096/trace0020
[20:41:20] INFO simulator.py:66: Using cache eviction algorithm: LRU
[20:41:24] INFO simulator.py:99: Cache occupied 2684354560 bytes
Processing trace traces/moba-512-3/beyond-4096/trace0021
[20:41:24] INFO simulator.py:66: Using cache eviction algorithm: LRU
[20:41:27] INFO simulator.py:99: Cache occupied 2684354560 bytes
Processing trace traces/moba-512-3/beyond-4096/trace0022
[20:41:27] INFO simulator.py:66: Using cache eviction algorithm: LRU
[20:41:31] INFO simulator.py:99: Cache occupied 2684354560 bytes
Processing trace traces/moba-512-3/beyond-4096/trace0023
[20:41:31] INFO simulator.py:66: Using cache eviction algorithm: LRU
[20:41:34] INFO simulator.py:99: Cache occupied 2684354560 bytes
Processing trace traces/moba-512-3/beyond-4096/trace0024
[20:41:34] INFO simulator.py:66: Using cache eviction algorithm: LRU
[20:41:38] INFO simulator.py:99: Cache occupied 2684354560 bytes
Processing trace traces/moba-512-3/beyond-4096/trace0025
[20:41:38] INFO simulator.py:66: Using cache eviction algorithm: LRU
[20:41:41] INFO simulator.py:99: Cache occupied 2684354560 bytes
Processing trace traces/moba-512-3/beyond-4096/trace0026
[20:41:41] INFO simulator.py:66: Using cache eviction algorithm: LRU
[20:41:45] INFO simulator.py:99: Cache occupied 2684354560 bytes
Processing trace traces/moba-512-3/beyond-4096/trace0027
[20:41:45] INFO simulator.py:66: Using cache eviction algorithm: LRU
[20:41:48] INFO simulator.py:99: Cache occupied 2684354560 bytes
Processing trace traces/moba-512-3/beyond-4096/trace0028
[20:41:48] INFO simulator.py:66: Using cache eviction algorithm: LRU
[20:41:52] INFO simulator.py:99: Cache occupied 2684354560 bytes
Processing trace traces/moba-512-3/beyond-4096/trace0029
[20:41:52] INFO simulator.py:66: Using cache eviction algorithm: LRU
[20:41:55] INFO simulator.py:99: Cache occupied 2684354560 bytes
Processing trace traces/moba-512-3/beyond-4096/trace0030
[20:41:55] INFO simulator.py:66: Using cache eviction algorithm: LRU
[20:41:59] INFO simulator.py:99: Cache occupied 2684354560 bytes
Processing trace traces/moba-512-3/beyond-4096/trace0031
[20:41:59] INFO simulator.py:66: Using cache eviction algorithm: LRU
[20:42:02] INFO simulator.py:99: Cache occupied 2684354560 bytes
Processing trace traces/moba-512-3/beyond-4096/trace0032
[20:42:02] INFO simulator.py:66: Using cache eviction algorithm: LRU
[20:42:03] INFO simulator.py:99: Cache occupied 2684354560 bytes
Processing trace traces/moba-512-3/beyond-4096/trace0033
[20:42:03] INFO simulator.py:66: Using cache eviction algorithm: LRU
[20:42:07] INFO simulator.py:99: Cache occupied 2684354560 bytes
Processing trace traces/moba-512-3/beyond-4096/trace0034
[20:42:07] INFO simulator.py:66: Using cache eviction algorithm: LRU
[20:42:10] INFO simulator.py:99: Cache occupied 2684354560 bytes
Processing trace traces/moba-512-3/beyond-4096/trace0035
[20:42:10] INFO simulator.py:66: Using cache eviction algorithm: LRU
[20:42:14] INFO simulator.py:99: Cache occupied 2684354560 bytes
Processing trace traces/moba-512-3/beyond-4096/trace0036
[20:42:14] INFO simulator.py:66: Using cache eviction algorithm: LRU
[20:42:17] INFO simulator.py:99: Cache occupied 2684354560 bytes
Processing trace traces/moba-512-3/beyond-4096/trace0037
[20:42:17] INFO simulator.py:66: Using cache eviction algorithm: LRU
[20:42:21] INFO simulator.py:99: Cache occupied 2684354560 bytes
Processing trace traces/moba-512-3/beyond-4096/trace0038
[20:42:21] INFO simulator.py:66: Using cache eviction algorithm: LRU
[20:42:24] INFO simulator.py:99: Cache occupied 2684354560 bytes
Processing trace traces/moba-512-3/beyond-4096/trace0039
[20:42:24] INFO simulator.py:66: Using cache eviction algorithm: LRU
[20:42:28] INFO simulator.py:99: Cache occupied 2684354560 bytes
Processing trace traces/moba-512-3/beyond-4096/trace0040
[20:42:28] INFO simulator.py:66: Using cache eviction algorithm: LRU
[20:42:31] INFO simulator.py:99: Cache occupied 2684354560 bytes
Processing trace traces/moba-512-3/beyond-4096/trace0041
[20:42:31] INFO simulator.py:66: Using cache eviction algorithm: LRU
[20:42:35] INFO simulator.py:99: Cache occupied 2684354560 bytes
Processing trace traces/moba-512-3/beyond-4096/trace0042
[20:42:35] INFO simulator.py:66: Using cache eviction algorithm: LRU
[20:42:38] INFO simulator.py:99: Cache occupied 2684354560 bytes
Processing trace traces/moba-512-3/beyond-4096/trace0043
[20:42:38] INFO simulator.py:66: Using cache eviction algorithm: LRU
[20:42:40] INFO simulator.py:99: Cache occupied 2684354560 bytes
Processing trace traces/moba-512-3/beyond-4096/trace0044
[20:42:40] INFO simulator.py:66: Using cache eviction algorithm: LRU
[20:42:44] INFO simulator.py:99: Cache occupied 2684354560 bytes
Processing trace traces/moba-512-3/beyond-4096/trace0045
[20:42:44] INFO simulator.py:66: Using cache eviction algorithm: LRU
[20:42:45] INFO simulator.py:99: Cache occupied 2684354560 bytes
Processing trace traces/moba-512-3/beyond-4096/trace0046
[20:42:45] INFO simulator.py:66: Using cache eviction algorithm: LRU
[20:42:48] INFO simulator.py:99: Cache occupied 2684354560 bytes
Processing trace traces/moba-512-3/beyond-4096/trace0047
[20:42:48] INFO simulator.py:66: Using cache eviction algorithm: LRU
[20:42:52] INFO simulator.py:99: Cache occupied 2684354560 bytes
Processing trace traces/moba-512-3/beyond-4096/trace0048
[20:42:52] INFO simulator.py:66: Using cache eviction algorithm: LRU
[20:42:55] INFO simulator.py:99: Cache occupied 2684354560 bytes
Processing trace traces/moba-512-3/beyond-4096/trace0049
[20:42:55] INFO simulator.py:66: Using cache eviction algorithm: LRU
[20:42:59] INFO simulator.py:99: Cache occupied 2684354560 bytes
Processing trace traces/moba-512-3/beyond-4096/trace0050
[20:42:59] INFO simulator.py:66: Using cache eviction algorithm: LRU
[20:42:59] INFO simulator.py:99: Cache occupied 2684354560 bytes
Processing trace traces/moba-512-3/beyond-4096/trace0051
[20:42:59] INFO simulator.py:66: Using cache eviction algorithm: LRU
[20:43:02] INFO simulator.py:99: Cache occupied 2684354560 bytes
Processing trace traces/moba-512-3/beyond-4096/trace0052
[20:43:02] INFO simulator.py:66: Using cache eviction algorithm: LRU
[20:43:06] INFO simulator.py:99: Cache occupied 2684354560 bytes
Processing trace traces/moba-512-3/beyond-4096/trace0053
[20:43:06] INFO simulator.py:66: Using cache eviction algorithm: LRU
[20:43:09] INFO simulator.py:99: Cache occupied 2684354560 bytes
Processing trace traces/moba-512-3/beyond-4096/trace0054
[20:43:09] INFO simulator.py:66: Using cache eviction algorithm: LRU
[20:43:13] INFO simulator.py:99: Cache occupied 2684354560 bytes
Processing trace traces/moba-512-3/beyond-4096/trace0055
[20:43:13] INFO simulator.py:66: Using cache eviction algorithm: LRU
[20:43:16] INFO simulator.py:99: Cache occupied 2684354560 bytes
Processing trace traces/moba-512-3/beyond-4096/trace0056
[20:43:16] INFO simulator.py:66: Using cache eviction algorithm: LRU
[20:43:20] INFO simulator.py:99: Cache occupied 2684354560 bytes
Processing trace traces/moba-512-3/beyond-4096/trace0057
[20:43:20] INFO simulator.py:66: Using cache eviction algorithm: LRU
[20:43:23] INFO simulator.py:99: Cache occupied 2684354560 bytes
Processing trace traces/moba-512-3/beyond-4096/trace0058
[20:43:23] INFO simulator.py:66: Using cache eviction algorithm: LRU
[20:43:27] INFO simulator.py:99: Cache occupied 2684354560 bytes
Processing trace traces/moba-512-3/beyond-4096/trace0059
[20:43:27] INFO simulator.py:66: Using cache eviction algorithm: LRU
[20:43:28] INFO simulator.py:99: Cache occupied 2684354560 bytes
Processing trace traces/moba-512-3/beyond-4096/trace0060
[20:43:28] INFO simulator.py:66: Using cache eviction algorithm: LRU
[20:43:32] INFO simulator.py:99: Cache occupied 2684354560 bytes
Processing trace traces/moba-512-3/beyond-4096/trace0061
[20:43:32] INFO simulator.py:66: Using cache eviction algorithm: LRU
[20:43:35] INFO simulator.py:99: Cache occupied 2684354560 bytes
Processing trace traces/moba-512-3/beyond-4096/trace0062
[20:43:35] INFO simulator.py:66: Using cache eviction algorithm: LRU
[20:43:39] INFO simulator.py:99: Cache occupied 2684354560 bytes
Processing trace traces/moba-512-3/beyond-4096/trace0063
[20:43:39] INFO simulator.py:66: Using cache eviction algorithm: LRU
[20:43:42] INFO simulator.py:99: Cache occupied 2684354560 bytes
Processing trace traces/moba-512-3/beyond-4096/trace0064
[20:43:42] INFO simulator.py:66: Using cache eviction algorithm: LRU
[20:43:46] INFO simulator.py:99: Cache occupied 2684354560 bytes
Processing trace traces/moba-512-3/beyond-4096/trace0065
[20:43:46] INFO simulator.py:66: Using cache eviction algorithm: LRU
[20:43:49] INFO simulator.py:99: Cache occupied 2684354560 bytes
Processing trace traces/moba-512-3/beyond-4096/trace0066
[20:43:49] INFO simulator.py:66: Using cache eviction algorithm: LRU
[20:43:53] INFO simulator.py:99: Cache occupied 2684354560 bytes
Processing trace traces/moba-512-3/beyond-4096/trace0067
[20:43:53] INFO simulator.py:66: Using cache eviction algorithm: LRU
[20:43:56] INFO simulator.py:99: Cache occupied 2684354560 bytes
Processing trace traces/moba-512-3/beyond-4096/trace0068
[20:43:56] INFO simulator.py:66: Using cache eviction algorithm: LRU
[20:44:00] INFO simulator.py:99: Cache occupied 2684354560 bytes
Processing trace traces/moba-512-3/beyond-4096/trace0069
[20:44:00] INFO simulator.py:66: Using cache eviction algorithm: LRU
[20:44:03] INFO simulator.py:99: Cache occupied 2684354560 bytes
Processing trace traces/moba-512-3/beyond-4096/trace0070
[20:44:03] INFO simulator.py:66: Using cache eviction algorithm: LRU
[20:44:05] INFO simulator.py:99: Cache occupied 2684354560 bytes
Processing trace traces/moba-512-3/beyond-4096/trace0071
[20:44:05] INFO simulator.py:66: Using cache eviction algorithm: LRU
[20:44:08] INFO simulator.py:99: Cache occupied 2684354560 bytes
Processing trace traces/moba-512-3/beyond-4096/trace0072
[20:44:08] INFO simulator.py:66: Using cache eviction algorithm: LRU
[20:44:08] INFO simulator.py:99: Cache occupied 2684354560 bytes
Processing trace traces/moba-512-3/beyond-4096/trace0073
[20:44:08] INFO simulator.py:66: Using cache eviction algorithm: LRU
[20:44:12] INFO simulator.py:99: Cache occupied 2684354560 bytes
Processing trace traces/moba-512-3/beyond-4096/trace0074
[20:44:12] INFO simulator.py:66: Using cache eviction algorithm: LRU
[20:44:16] INFO simulator.py:99: Cache occupied 2684354560 bytes
Processing trace traces/moba-512-3/beyond-4096/trace0075
[20:44:16] INFO simulator.py:66: Using cache eviction algorithm: LRU
[20:44:18] INFO simulator.py:99: Cache occupied 2684354560 bytes
Processing trace traces/moba-512-3/beyond-4096/trace0076
[20:44:18] INFO simulator.py:66: Using cache eviction algorithm: LRU
[20:44:21] INFO simulator.py:99: Cache occupied 2684354560 bytes
Processing trace traces/moba-512-3/beyond-4096/trace0077
[20:44:21] INFO simulator.py:66: Using cache eviction algorithm: LRU
[20:44:25] INFO simulator.py:99: Cache occupied 2684354560 bytes
Processing trace traces/moba-512-3/beyond-4096/trace0078
[20:44:25] INFO simulator.py:66: Using cache eviction algorithm: LRU
[20:44:28] INFO simulator.py:99: Cache occupied 2684354560 bytes
Processing trace traces/moba-512-3/beyond-4096/trace0079
[20:44:28] INFO simulator.py:66: Using cache eviction algorithm: LRU
[20:44:32] INFO simulator.py:99: Cache occupied 2684354560 bytes
Processing trace traces/moba-512-3/beyond-4096/trace0080
[20:44:32] INFO simulator.py:66: Using cache eviction algorithm: LRU
[20:44:35] INFO simulator.py:99: Cache occupied 2684354560 bytes
Processing trace traces/moba-512-3/beyond-4096/trace0081
[20:44:35] INFO simulator.py:66: Using cache eviction algorithm: LRU
[20:44:39] INFO simulator.py:99: Cache occupied 2684354560 bytes
Processing trace traces/moba-512-3/beyond-4096/trace0082
[20:44:39] INFO simulator.py:66: Using cache eviction algorithm: LRU
[20:44:42] INFO simulator.py:99: Cache occupied 2684354560 bytes
Processing trace traces/moba-512-3/beyond-4096/trace0083
[20:44:42] INFO simulator.py:66: Using cache eviction algorithm: LRU
[20:44:46] INFO simulator.py:99: Cache occupied 2684354560 bytes
Processing trace traces/moba-512-3/beyond-4096/trace0084
[20:44:46] INFO simulator.py:66: Using cache eviction algorithm: LRU
[20:44:49] INFO simulator.py:99: Cache occupied 2684354560 bytes
Processing trace traces/moba-512-3/beyond-4096/trace0085
[20:44:49] INFO simulator.py:66: Using cache eviction algorithm: LRU
[20:44:53] INFO simulator.py:99: Cache occupied 2684354560 bytes
Processing trace traces/moba-512-3/beyond-4096/trace0086
[20:44:53] INFO simulator.py:66: Using cache eviction algorithm: LRU
[20:44:56] INFO simulator.py:99: Cache occupied 2684354560 bytes
Processing trace traces/moba-512-3/beyond-4096/trace0087
[20:44:56] INFO simulator.py:66: Using cache eviction algorithm: LRU
[20:45:00] INFO simulator.py:99: Cache occupied 2684354560 bytes
Processing trace traces/moba-512-3/beyond-4096/trace0088
[20:45:00] INFO simulator.py:66: Using cache eviction algorithm: LRU
[20:45:03] INFO simulator.py:99: Cache occupied 2684354560 bytes
Processing trace traces/moba-512-3/beyond-4096/trace0089
[20:45:03] INFO simulator.py:66: Using cache eviction algorithm: LRU
[20:45:07] INFO simulator.py:99: Cache occupied 2684354560 bytes
Processing trace traces/moba-512-3/beyond-4096/trace0090
[20:45:07] INFO simulator.py:66: Using cache eviction algorithm: LRU
[20:45:10] INFO simulator.py:99: Cache occupied 2684354560 bytes
Processing trace traces/moba-512-3/beyond-4096/trace0091
[20:45:10] INFO simulator.py:66: Using cache eviction algorithm: LRU
[20:45:14] INFO simulator.py:99: Cache occupied 2684354560 bytes
Processing trace traces/moba-512-3/beyond-4096/trace0092
[20:45:14] INFO simulator.py:66: Using cache eviction algorithm: LRU
[20:45:16] INFO simulator.py:99: Cache occupied 2684354560 bytes
Processing trace traces/moba-512-3/beyond-4096/trace0093
[20:45:16] INFO simulator.py:66: Using cache eviction algorithm: LRU
[20:45:19] INFO simulator.py:99: Cache occupied 2684354560 bytes
Processing trace traces/moba-512-3/beyond-4096/trace0094
[20:45:19] INFO simulator.py:66: Using cache eviction algorithm: LRU
[20:45:23] INFO simulator.py:99: Cache occupied 2684354560 bytes
Processing trace traces/moba-512-3/beyond-4096/trace0095
[20:45:23] INFO simulator.py:66: Using cache eviction algorithm: LRU
[20:45:26] INFO simulator.py:99: Cache occupied 2684354560 bytes
Processing trace traces/moba-512-3/beyond-4096/trace0096
[20:45:26] INFO simulator.py:66: Using cache eviction algorithm: LRU
[20:45:30] INFO simulator.py:99: Cache occupied 2684354560 bytes
Processing trace traces/moba-512-3/beyond-4096/trace0097
[20:45:30] INFO simulator.py:66: Using cache eviction algorithm: LRU
[20:45:33] INFO simulator.py:99: Cache occupied 2684354560 bytes
Processing trace traces/moba-512-3/beyond-4096/trace0098
[20:45:33] INFO simulator.py:66: Using cache eviction algorithm: LRU
[20:45:37] INFO simulator.py:99: Cache occupied 2684354560 bytes
Processing trace traces/moba-512-3/beyond-4096/trace0099
[20:45:37] INFO simulator.py:66: Using cache eviction algorithm: LRU
[20:45:40] INFO simulator.py:99: Cache occupied 2684354560 bytes
[20:45:40] INFO simulator.py:101: Average request miss ratio: 0.8839288340370983
[20:45:40] INFO simulator.py:102: Average bytes miss ratio: 0.8839288340370983
