[18:47:52] INFO simulator.py:82: Simulation config: SimConfig(trace_dir='traces/moba-512-3/beyond-4096', hidden_size=1024, num_layers=28, num_heads=16, kv_group_size=2, block_size=512, context_length=4096, top_k=3, page_size=32, store_all_kvheads=True, dtype_bytes=2, cache_size=1.0, eviction_algorithm='lru', batch_size=1, continuous_batching=False, verbose=False)
Processing trace traces/moba-512-3/beyond-4096/trace0000
[18:47:52] INFO simulator.py:66: Using cache eviction algorithm: LRU
[18:47:54] INFO simulator.py:99: Cache occupied 1073741824 bytes
Processing trace traces/moba-512-3/beyond-4096/trace0001
[18:47:55] INFO simulator.py:66: Using cache eviction algorithm: LRU
[18:47:58] INFO simulator.py:99: Cache occupied 1073741824 bytes
Processing trace traces/moba-512-3/beyond-4096/trace0002
[18:47:58] INFO simulator.py:66: Using cache eviction algorithm: LRU
[18:48:01] INFO simulator.py:99: Cache occupied 1073741824 bytes
Processing trace traces/moba-512-3/beyond-4096/trace0003
[18:48:01] INFO simulator.py:66: Using cache eviction algorithm: LRU
[18:48:04] INFO simulator.py:99: Cache occupied 1073741824 bytes
Processing trace traces/moba-512-3/beyond-4096/trace0004
[18:48:04] INFO simulator.py:66: Using cache eviction algorithm: LRU
[18:48:04] INFO simulator.py:99: Cache occupied 1073741824 bytes
Processing trace traces/moba-512-3/beyond-4096/trace0005
[18:48:04] INFO simulator.py:66: Using cache eviction algorithm: LRU
[18:48:08] INFO simulator.py:99: Cache occupied 1073741824 bytes
Processing trace traces/moba-512-3/beyond-4096/trace0006
[18:48:08] INFO simulator.py:66: Using cache eviction algorithm: LRU
[18:48:11] INFO simulator.py:99: Cache occupied 1073741824 bytes
Processing trace traces/moba-512-3/beyond-4096/trace0007
[18:48:11] INFO simulator.py:66: Using cache eviction algorithm: LRU
[18:48:14] INFO simulator.py:99: Cache occupied 1073741824 bytes
Processing trace traces/moba-512-3/beyond-4096/trace0008
[18:48:14] INFO simulator.py:66: Using cache eviction algorithm: LRU
[18:48:17] INFO simulator.py:99: Cache occupied 1073741824 bytes
Processing trace traces/moba-512-3/beyond-4096/trace0009
[18:48:17] INFO simulator.py:66: Using cache eviction algorithm: LRU
[18:48:20] INFO simulator.py:99: Cache occupied 1073741824 bytes
Processing trace traces/moba-512-3/beyond-4096/trace0010
[18:48:20] INFO simulator.py:66: Using cache eviction algorithm: LRU
[18:48:23] INFO simulator.py:99: Cache occupied 1073741824 bytes
Processing trace traces/moba-512-3/beyond-4096/trace0011
[18:48:23] INFO simulator.py:66: Using cache eviction algorithm: LRU
[18:48:24] INFO simulator.py:99: Cache occupied 1073741824 bytes
Processing trace traces/moba-512-3/beyond-4096/trace0012
[18:48:24] INFO simulator.py:66: Using cache eviction algorithm: LRU
[18:48:27] INFO simulator.py:99: Cache occupied 1073741824 bytes
Processing trace traces/moba-512-3/beyond-4096/trace0013
[18:48:27] INFO simulator.py:66: Using cache eviction algorithm: LRU
[18:48:30] INFO simulator.py:99: Cache occupied 1073741824 bytes
Processing trace traces/moba-512-3/beyond-4096/trace0014
[18:48:30] INFO simulator.py:66: Using cache eviction algorithm: LRU
[18:48:33] INFO simulator.py:99: Cache occupied 1073741824 bytes
Processing trace traces/moba-512-3/beyond-4096/trace0015
[18:48:33] INFO simulator.py:66: Using cache eviction algorithm: LRU
[18:48:36] INFO simulator.py:99: Cache occupied 1073741824 bytes
Processing trace traces/moba-512-3/beyond-4096/trace0016
[18:48:36] INFO simulator.py:66: Using cache eviction algorithm: LRU
[18:48:39] INFO simulator.py:99: Cache occupied 1073741824 bytes
Processing trace traces/moba-512-3/beyond-4096/trace0017
[18:48:40] INFO simulator.py:66: Using cache eviction algorithm: LRU
[18:48:43] INFO simulator.py:99: Cache occupied 1073741824 bytes
Processing trace traces/moba-512-3/beyond-4096/trace0018
[18:48:43] INFO simulator.py:66: Using cache eviction algorithm: LRU
[18:48:46] INFO simulator.py:99: Cache occupied 1073741824 bytes
Processing trace traces/moba-512-3/beyond-4096/trace0019
[18:48:46] INFO simulator.py:66: Using cache eviction algorithm: LRU
[18:48:49] INFO simulator.py:99: Cache occupied 1073741824 bytes
Processing trace traces/moba-512-3/beyond-4096/trace0020
[18:48:49] INFO simulator.py:66: Using cache eviction algorithm: LRU
[18:48:52] INFO simulator.py:99: Cache occupied 1073741824 bytes
Processing trace traces/moba-512-3/beyond-4096/trace0021
[18:48:52] INFO simulator.py:66: Using cache eviction algorithm: LRU
[18:48:55] INFO simulator.py:99: Cache occupied 1073741824 bytes
Processing trace traces/moba-512-3/beyond-4096/trace0022
[18:48:55] INFO simulator.py:66: Using cache eviction algorithm: LRU
[18:48:58] INFO simulator.py:99: Cache occupied 1073741824 bytes
Processing trace traces/moba-512-3/beyond-4096/trace0023
[18:48:58] INFO simulator.py:66: Using cache eviction algorithm: LRU
[18:49:01] INFO simulator.py:99: Cache occupied 1073741824 bytes
Processing trace traces/moba-512-3/beyond-4096/trace0024
[18:49:01] INFO simulator.py:66: Using cache eviction algorithm: LRU
[18:49:04] INFO simulator.py:99: Cache occupied 1073741824 bytes
Processing trace traces/moba-512-3/beyond-4096/trace0025
[18:49:04] INFO simulator.py:66: Using cache eviction algorithm: LRU
[18:49:07] INFO simulator.py:99: Cache occupied 1073741824 bytes
Processing trace traces/moba-512-3/beyond-4096/trace0026
[18:49:07] INFO simulator.py:66: Using cache eviction algorithm: LRU
[18:49:10] INFO simulator.py:99: Cache occupied 1073741824 bytes
Processing trace traces/moba-512-3/beyond-4096/trace0027
[18:49:11] INFO simulator.py:66: Using cache eviction algorithm: LRU
[18:49:14] INFO simulator.py:99: Cache occupied 1073741824 bytes
Processing trace traces/moba-512-3/beyond-4096/trace0028
[18:49:14] INFO simulator.py:66: Using cache eviction algorithm: LRU
[18:49:17] INFO simulator.py:99: Cache occupied 1073741824 bytes
Processing trace traces/moba-512-3/beyond-4096/trace0029
[18:49:17] INFO simulator.py:66: Using cache eviction algorithm: LRU
[18:49:20] INFO simulator.py:99: Cache occupied 1073741824 bytes
Processing trace traces/moba-512-3/beyond-4096/trace0030
[18:49:20] INFO simulator.py:66: Using cache eviction algorithm: LRU
[18:49:23] INFO simulator.py:99: Cache occupied 1073741824 bytes
Processing trace traces/moba-512-3/beyond-4096/trace0031
[18:49:23] INFO simulator.py:66: Using cache eviction algorithm: LRU
[18:49:26] INFO simulator.py:99: Cache occupied 1073741824 bytes
Processing trace traces/moba-512-3/beyond-4096/trace0032
[18:49:26] INFO simulator.py:66: Using cache eviction algorithm: LRU
[18:49:27] INFO simulator.py:99: Cache occupied 1073741824 bytes
Processing trace traces/moba-512-3/beyond-4096/trace0033
[18:49:27] INFO simulator.py:66: Using cache eviction algorithm: LRU
[18:49:30] INFO simulator.py:99: Cache occupied 1073741824 bytes
Processing trace traces/moba-512-3/beyond-4096/trace0034
[18:49:30] INFO simulator.py:66: Using cache eviction algorithm: LRU
[18:49:34] INFO simulator.py:99: Cache occupied 1073741824 bytes
Processing trace traces/moba-512-3/beyond-4096/trace0035
[18:49:34] INFO simulator.py:66: Using cache eviction algorithm: LRU
[18:49:37] INFO simulator.py:99: Cache occupied 1073741824 bytes
Processing trace traces/moba-512-3/beyond-4096/trace0036
[18:49:37] INFO simulator.py:66: Using cache eviction algorithm: LRU
[18:49:40] INFO simulator.py:99: Cache occupied 1073741824 bytes
Processing trace traces/moba-512-3/beyond-4096/trace0037
[18:49:40] INFO simulator.py:66: Using cache eviction algorithm: LRU
[18:49:43] INFO simulator.py:99: Cache occupied 1073741824 bytes
Processing trace traces/moba-512-3/beyond-4096/trace0038
[18:49:43] INFO simulator.py:66: Using cache eviction algorithm: LRU
[18:49:46] INFO simulator.py:99: Cache occupied 1073741824 bytes
Processing trace traces/moba-512-3/beyond-4096/trace0039
[18:49:46] INFO simulator.py:66: Using cache eviction algorithm: LRU
[18:49:49] INFO simulator.py:99: Cache occupied 1073741824 bytes
Processing trace traces/moba-512-3/beyond-4096/trace0040
[18:49:49] INFO simulator.py:66: Using cache eviction algorithm: LRU
[18:49:52] INFO simulator.py:99: Cache occupied 1073741824 bytes
Processing trace traces/moba-512-3/beyond-4096/trace0041
[18:49:52] INFO simulator.py:66: Using cache eviction algorithm: LRU
[18:49:55] INFO simulator.py:99: Cache occupied 1073741824 bytes
Processing trace traces/moba-512-3/beyond-4096/trace0042
[18:49:55] INFO simulator.py:66: Using cache eviction algorithm: LRU
[18:49:58] INFO simulator.py:99: Cache occupied 1073741824 bytes
Processing trace traces/moba-512-3/beyond-4096/trace0043
[18:49:58] INFO simulator.py:66: Using cache eviction algorithm: LRU
[18:50:00] INFO simulator.py:99: Cache occupied 1073741824 bytes
Processing trace traces/moba-512-3/beyond-4096/trace0044
[18:50:00] INFO simulator.py:66: Using cache eviction algorithm: LRU
[18:50:03] INFO simulator.py:99: Cache occupied 1073741824 bytes
Processing trace traces/moba-512-3/beyond-4096/trace0045
[18:50:03] INFO simulator.py:66: Using cache eviction algorithm: LRU
[18:50:04] INFO simulator.py:99: Cache occupied 1073741824 bytes
Processing trace traces/moba-512-3/beyond-4096/trace0046
[18:50:04] INFO simulator.py:66: Using cache eviction algorithm: LRU
[18:50:07] INFO simulator.py:99: Cache occupied 1073741824 bytes
Processing trace traces/moba-512-3/beyond-4096/trace0047
[18:50:07] INFO simulator.py:66: Using cache eviction algorithm: LRU
[18:50:10] INFO simulator.py:99: Cache occupied 1073741824 bytes
Processing trace traces/moba-512-3/beyond-4096/trace0048
[18:50:11] INFO simulator.py:66: Using cache eviction algorithm: LRU
[18:50:14] INFO simulator.py:99: Cache occupied 1073741824 bytes
Processing trace traces/moba-512-3/beyond-4096/trace0049
[18:50:14] INFO simulator.py:66: Using cache eviction algorithm: LRU
[18:50:17] INFO simulator.py:99: Cache occupied 1073741824 bytes
Processing trace traces/moba-512-3/beyond-4096/trace0050
[18:50:17] INFO simulator.py:66: Using cache eviction algorithm: LRU
[18:50:18] INFO simulator.py:99: Cache occupied 1073741824 bytes
Processing trace traces/moba-512-3/beyond-4096/trace0051
[18:50:18] INFO simulator.py:66: Using cache eviction algorithm: LRU
[18:50:21] INFO simulator.py:99: Cache occupied 1073741824 bytes
Processing trace traces/moba-512-3/beyond-4096/trace0052
[18:50:21] INFO simulator.py:66: Using cache eviction algorithm: LRU
[18:50:24] INFO simulator.py:99: Cache occupied 1073741824 bytes
Processing trace traces/moba-512-3/beyond-4096/trace0053
[18:50:24] INFO simulator.py:66: Using cache eviction algorithm: LRU
[18:50:27] INFO simulator.py:99: Cache occupied 1073741824 bytes
Processing trace traces/moba-512-3/beyond-4096/trace0054
[18:50:28] INFO simulator.py:66: Using cache eviction algorithm: LRU
[18:50:31] INFO simulator.py:99: Cache occupied 1073741824 bytes
Processing trace traces/moba-512-3/beyond-4096/trace0055
[18:50:31] INFO simulator.py:66: Using cache eviction algorithm: LRU
[18:50:34] INFO simulator.py:99: Cache occupied 1073741824 bytes
Processing trace traces/moba-512-3/beyond-4096/trace0056
[18:50:34] INFO simulator.py:66: Using cache eviction algorithm: LRU
[18:50:37] INFO simulator.py:99: Cache occupied 1073741824 bytes
Processing trace traces/moba-512-3/beyond-4096/trace0057
[18:50:37] INFO simulator.py:66: Using cache eviction algorithm: LRU
[18:50:41] INFO simulator.py:99: Cache occupied 1073741824 bytes
Processing trace traces/moba-512-3/beyond-4096/trace0058
[18:50:41] INFO simulator.py:66: Using cache eviction algorithm: LRU
[18:50:44] INFO simulator.py:99: Cache occupied 1073741824 bytes
Processing trace traces/moba-512-3/beyond-4096/trace0059
[18:50:44] INFO simulator.py:66: Using cache eviction algorithm: LRU
[18:50:45] INFO simulator.py:99: Cache occupied 1073741824 bytes
Processing trace traces/moba-512-3/beyond-4096/trace0060
[18:50:45] INFO simulator.py:66: Using cache eviction algorithm: LRU
[18:50:48] INFO simulator.py:99: Cache occupied 1073741824 bytes
Processing trace traces/moba-512-3/beyond-4096/trace0061
[18:50:49] INFO simulator.py:66: Using cache eviction algorithm: LRU
[18:50:52] INFO simulator.py:99: Cache occupied 1073741824 bytes
Processing trace traces/moba-512-3/beyond-4096/trace0062
[18:50:52] INFO simulator.py:66: Using cache eviction algorithm: LRU
[18:50:55] INFO simulator.py:99: Cache occupied 1073741824 bytes
Processing trace traces/moba-512-3/beyond-4096/trace0063
[18:50:56] INFO simulator.py:66: Using cache eviction algorithm: LRU
[18:50:59] INFO simulator.py:99: Cache occupied 1073741824 bytes
Processing trace traces/moba-512-3/beyond-4096/trace0064
[18:50:59] INFO simulator.py:66: Using cache eviction algorithm: LRU
[18:51:02] INFO simulator.py:99: Cache occupied 1073741824 bytes
Processing trace traces/moba-512-3/beyond-4096/trace0065
[18:51:02] INFO simulator.py:66: Using cache eviction algorithm: LRU
[18:51:05] INFO simulator.py:99: Cache occupied 1073741824 bytes
Processing trace traces/moba-512-3/beyond-4096/trace0066
[18:51:05] INFO simulator.py:66: Using cache eviction algorithm: LRU
[18:51:08] INFO simulator.py:99: Cache occupied 1073741824 bytes
Processing trace traces/moba-512-3/beyond-4096/trace0067
[18:51:09] INFO simulator.py:66: Using cache eviction algorithm: LRU
[18:51:12] INFO simulator.py:99: Cache occupied 1073741824 bytes
Processing trace traces/moba-512-3/beyond-4096/trace0068
[18:51:12] INFO simulator.py:66: Using cache eviction algorithm: LRU
[18:51:15] INFO simulator.py:99: Cache occupied 1073741824 bytes
Processing trace traces/moba-512-3/beyond-4096/trace0069
[18:51:15] INFO simulator.py:66: Using cache eviction algorithm: LRU
[18:51:18] INFO simulator.py:99: Cache occupied 1073741824 bytes
Processing trace traces/moba-512-3/beyond-4096/trace0070
[18:51:18] INFO simulator.py:66: Using cache eviction algorithm: LRU
[18:51:19] INFO simulator.py:99: Cache occupied 1073741824 bytes
Processing trace traces/moba-512-3/beyond-4096/trace0071
[18:51:19] INFO simulator.py:66: Using cache eviction algorithm: LRU
[18:51:22] INFO simulator.py:99: Cache occupied 1073741824 bytes
Processing trace traces/moba-512-3/beyond-4096/trace0072
[18:51:22] INFO simulator.py:66: Using cache eviction algorithm: LRU
[18:51:23] INFO simulator.py:99: Cache occupied 1073741824 bytes
Processing trace traces/moba-512-3/beyond-4096/trace0073
[18:51:23] INFO simulator.py:66: Using cache eviction algorithm: LRU
[18:51:26] INFO simulator.py:99: Cache occupied 1073741824 bytes
Processing trace traces/moba-512-3/beyond-4096/trace0074
[18:51:26] INFO simulator.py:66: Using cache eviction algorithm: LRU
[18:51:29] INFO simulator.py:99: Cache occupied 1073741824 bytes
Processing trace traces/moba-512-3/beyond-4096/trace0075
[18:51:29] INFO simulator.py:66: Using cache eviction algorithm: LRU
[18:51:31] INFO simulator.py:99: Cache occupied 1073741824 bytes
Processing trace traces/moba-512-3/beyond-4096/trace0076
[18:51:31] INFO simulator.py:66: Using cache eviction algorithm: LRU
[18:51:34] INFO simulator.py:99: Cache occupied 1073741824 bytes
Processing trace traces/moba-512-3/beyond-4096/trace0077
[18:51:34] INFO simulator.py:66: Using cache eviction algorithm: LRU
[18:51:37] INFO simulator.py:99: Cache occupied 1073741824 bytes
Processing trace traces/moba-512-3/beyond-4096/trace0078
[18:51:38] INFO simulator.py:66: Using cache eviction algorithm: LRU
[18:51:40] INFO simulator.py:99: Cache occupied 1073741824 bytes
Processing trace traces/moba-512-3/beyond-4096/trace0079
[18:51:41] INFO simulator.py:66: Using cache eviction algorithm: LRU
[18:51:44] INFO simulator.py:99: Cache occupied 1073741824 bytes
Processing trace traces/moba-512-3/beyond-4096/trace0080
[18:51:44] INFO simulator.py:66: Using cache eviction algorithm: LRU
[18:51:47] INFO simulator.py:99: Cache occupied 1073741824 bytes
Processing trace traces/moba-512-3/beyond-4096/trace0081
[18:51:47] INFO simulator.py:66: Using cache eviction algorithm: LRU
[18:51:50] INFO simulator.py:99: Cache occupied 1073741824 bytes
Processing trace traces/moba-512-3/beyond-4096/trace0082
[18:51:50] INFO simulator.py:66: Using cache eviction algorithm: LRU
[18:51:53] INFO simulator.py:99: Cache occupied 1073741824 bytes
Processing trace traces/moba-512-3/beyond-4096/trace0083
[18:51:53] INFO simulator.py:66: Using cache eviction algorithm: LRU
[18:51:56] INFO simulator.py:99: Cache occupied 1073741824 bytes
Processing trace traces/moba-512-3/beyond-4096/trace0084
[18:51:56] INFO simulator.py:66: Using cache eviction algorithm: LRU
[18:51:59] INFO simulator.py:99: Cache occupied 1073741824 bytes
Processing trace traces/moba-512-3/beyond-4096/trace0085
[18:51:59] INFO simulator.py:66: Using cache eviction algorithm: LRU
[18:52:02] INFO simulator.py:99: Cache occupied 1073741824 bytes
Processing trace traces/moba-512-3/beyond-4096/trace0086
[18:52:02] INFO simulator.py:66: Using cache eviction algorithm: LRU
[18:52:05] INFO simulator.py:99: Cache occupied 1073741824 bytes
Processing trace traces/moba-512-3/beyond-4096/trace0087
[18:52:05] INFO simulator.py:66: Using cache eviction algorithm: LRU
[18:52:08] INFO simulator.py:99: Cache occupied 1073741824 bytes
Processing trace traces/moba-512-3/beyond-4096/trace0088
[18:52:09] INFO simulator.py:66: Using cache eviction algorithm: LRU
[18:52:11] INFO simulator.py:99: Cache occupied 1073741824 bytes
Processing trace traces/moba-512-3/beyond-4096/trace0089
[18:52:12] INFO simulator.py:66: Using cache eviction algorithm: LRU
[18:52:15] INFO simulator.py:99: Cache occupied 1073741824 bytes
Processing trace traces/moba-512-3/beyond-4096/trace0090
[18:52:15] INFO simulator.py:66: Using cache eviction algorithm: LRU
[18:52:18] INFO simulator.py:99: Cache occupied 1073741824 bytes
Processing trace traces/moba-512-3/beyond-4096/trace0091
[18:52:18] INFO simulator.py:66: Using cache eviction algorithm: LRU
[18:52:21] INFO simulator.py:99: Cache occupied 1073741824 bytes
Processing trace traces/moba-512-3/beyond-4096/trace0092
[18:52:21] INFO simulator.py:66: Using cache eviction algorithm: LRU
[18:52:22] INFO simulator.py:99: Cache occupied 1073741824 bytes
Processing trace traces/moba-512-3/beyond-4096/trace0093
[18:52:23] INFO simulator.py:66: Using cache eviction algorithm: LRU
[18:52:26] INFO simulator.py:99: Cache occupied 1073741824 bytes
Processing trace traces/moba-512-3/beyond-4096/trace0094
[18:52:26] INFO simulator.py:66: Using cache eviction algorithm: LRU
[18:52:29] INFO simulator.py:99: Cache occupied 1073741824 bytes
Processing trace traces/moba-512-3/beyond-4096/trace0095
[18:52:29] INFO simulator.py:66: Using cache eviction algorithm: LRU
[18:52:32] INFO simulator.py:99: Cache occupied 1073741824 bytes
Processing trace traces/moba-512-3/beyond-4096/trace0096
[18:52:32] INFO simulator.py:66: Using cache eviction algorithm: LRU
[18:52:35] INFO simulator.py:99: Cache occupied 1073741824 bytes
Processing trace traces/moba-512-3/beyond-4096/trace0097
[18:52:35] INFO simulator.py:66: Using cache eviction algorithm: LRU
[18:52:38] INFO simulator.py:99: Cache occupied 1073741824 bytes
Processing trace traces/moba-512-3/beyond-4096/trace0098
[18:52:38] INFO simulator.py:66: Using cache eviction algorithm: LRU
[18:52:41] INFO simulator.py:99: Cache occupied 1073741824 bytes
Processing trace traces/moba-512-3/beyond-4096/trace0099
[18:52:42] INFO simulator.py:66: Using cache eviction algorithm: LRU
[18:52:45] INFO simulator.py:99: Cache occupied 1073741824 bytes
[18:52:45] INFO simulator.py:101: Average request miss ratio: 1.0
[18:52:45] INFO simulator.py:102: Average bytes miss ratio: 1.0
