[00:44:10] INFO simulator.py:82: Simulation config: SimConfig(trace_dir='traces/moba-512-3/beyond-4096', hidden_size=1024, num_layers=28, num_heads=16, kv_group_size=2, block_size=512, context_length=4096, top_k=3, page_size=32, store_all_kvheads=True, dtype_bytes=2, cache_size=2.0, eviction_algorithm='momentum_decay', batch_size=1, continuous_batching=False, verbose=False)
Processing trace traces/moba-512-3/beyond-4096/trace0000
[00:44:10] INFO simulator.py:66: Using cache eviction algorithm: MomentumDecay(beta=0.9)
[00:44:12] INFO simulator.py:99: Cache occupied 2147483648 bytes
Processing trace traces/moba-512-3/beyond-4096/trace0001
[00:44:12] INFO simulator.py:66: Using cache eviction algorithm: MomentumDecay(beta=0.9)
[00:44:16] INFO simulator.py:99: Cache occupied 2147483648 bytes
Processing trace traces/moba-512-3/beyond-4096/trace0002
[00:44:16] INFO simulator.py:66: Using cache eviction algorithm: MomentumDecay(beta=0.9)
[00:44:20] INFO simulator.py:99: Cache occupied 2147483648 bytes
Processing trace traces/moba-512-3/beyond-4096/trace0003
[00:44:20] INFO simulator.py:66: Using cache eviction algorithm: MomentumDecay(beta=0.9)
[00:44:24] INFO simulator.py:99: Cache occupied 2147483648 bytes
Processing trace traces/moba-512-3/beyond-4096/trace0004
[00:44:24] INFO simulator.py:66: Using cache eviction algorithm: MomentumDecay(beta=0.9)
[00:44:25] INFO simulator.py:99: Cache occupied 2147483648 bytes
Processing trace traces/moba-512-3/beyond-4096/trace0005
[00:44:25] INFO simulator.py:66: Using cache eviction algorithm: MomentumDecay(beta=0.9)
[00:44:29] INFO simulator.py:99: Cache occupied 2147483648 bytes
Processing trace traces/moba-512-3/beyond-4096/trace0006
[00:44:29] INFO simulator.py:66: Using cache eviction algorithm: MomentumDecay(beta=0.9)
[00:44:33] INFO simulator.py:99: Cache occupied 2147483648 bytes
Processing trace traces/moba-512-3/beyond-4096/trace0007
[00:44:33] INFO simulator.py:66: Using cache eviction algorithm: MomentumDecay(beta=0.9)
[00:44:37] INFO simulator.py:99: Cache occupied 2147483648 bytes
Processing trace traces/moba-512-3/beyond-4096/trace0008
[00:44:37] INFO simulator.py:66: Using cache eviction algorithm: MomentumDecay(beta=0.9)
[00:44:41] INFO simulator.py:99: Cache occupied 2147483648 bytes
Processing trace traces/moba-512-3/beyond-4096/trace0009
[00:44:41] INFO simulator.py:66: Using cache eviction algorithm: MomentumDecay(beta=0.9)
[00:44:46] INFO simulator.py:99: Cache occupied 2147483648 bytes
Processing trace traces/moba-512-3/beyond-4096/trace0010
[00:44:46] INFO simulator.py:66: Using cache eviction algorithm: MomentumDecay(beta=0.9)
[00:44:50] INFO simulator.py:99: Cache occupied 2147483648 bytes
Processing trace traces/moba-512-3/beyond-4096/trace0011
[00:44:50] INFO simulator.py:66: Using cache eviction algorithm: MomentumDecay(beta=0.9)
[00:44:51] INFO simulator.py:99: Cache occupied 2147483648 bytes
Processing trace traces/moba-512-3/beyond-4096/trace0012
[00:44:51] INFO simulator.py:66: Using cache eviction algorithm: MomentumDecay(beta=0.9)
[00:44:55] INFO simulator.py:99: Cache occupied 2147483648 bytes
Processing trace traces/moba-512-3/beyond-4096/trace0013
[00:44:55] INFO simulator.py:66: Using cache eviction algorithm: MomentumDecay(beta=0.9)
[00:44:59] INFO simulator.py:99: Cache occupied 2147483648 bytes
Processing trace traces/moba-512-3/beyond-4096/trace0014
[00:44:59] INFO simulator.py:66: Using cache eviction algorithm: MomentumDecay(beta=0.9)
[00:45:03] INFO simulator.py:99: Cache occupied 2147483648 bytes
Processing trace traces/moba-512-3/beyond-4096/trace0015
[00:45:03] INFO simulator.py:66: Using cache eviction algorithm: MomentumDecay(beta=0.9)
[00:45:07] INFO simulator.py:99: Cache occupied 2147483648 bytes
Processing trace traces/moba-512-3/beyond-4096/trace0016
[00:45:07] INFO simulator.py:66: Using cache eviction algorithm: MomentumDecay(beta=0.9)
[00:45:12] INFO simulator.py:99: Cache occupied 2147483648 bytes
Processing trace traces/moba-512-3/beyond-4096/trace0017
[00:45:12] INFO simulator.py:66: Using cache eviction algorithm: MomentumDecay(beta=0.9)
[00:45:16] INFO simulator.py:99: Cache occupied 2147483648 bytes
Processing trace traces/moba-512-3/beyond-4096/trace0018
[00:45:16] INFO simulator.py:66: Using cache eviction algorithm: MomentumDecay(beta=0.9)
[00:45:20] INFO simulator.py:99: Cache occupied 2147483648 bytes
Processing trace traces/moba-512-3/beyond-4096/trace0019
[00:45:20] INFO simulator.py:66: Using cache eviction algorithm: MomentumDecay(beta=0.9)
[00:45:24] INFO simulator.py:99: Cache occupied 2147483648 bytes
Processing trace traces/moba-512-3/beyond-4096/trace0020
[00:45:24] INFO simulator.py:66: Using cache eviction algorithm: MomentumDecay(beta=0.9)
[00:45:28] INFO simulator.py:99: Cache occupied 2147483648 bytes
Processing trace traces/moba-512-3/beyond-4096/trace0021
[00:45:28] INFO simulator.py:66: Using cache eviction algorithm: MomentumDecay(beta=0.9)
[00:45:32] INFO simulator.py:99: Cache occupied 2147483648 bytes
Processing trace traces/moba-512-3/beyond-4096/trace0022
[00:45:32] INFO simulator.py:66: Using cache eviction algorithm: MomentumDecay(beta=0.9)
[00:45:36] INFO simulator.py:99: Cache occupied 2147483648 bytes
Processing trace traces/moba-512-3/beyond-4096/trace0023
[00:45:36] INFO simulator.py:66: Using cache eviction algorithm: MomentumDecay(beta=0.9)
[00:45:40] INFO simulator.py:99: Cache occupied 2147483648 bytes
Processing trace traces/moba-512-3/beyond-4096/trace0024
[00:45:40] INFO simulator.py:66: Using cache eviction algorithm: MomentumDecay(beta=0.9)
[00:45:44] INFO simulator.py:99: Cache occupied 2147483648 bytes
Processing trace traces/moba-512-3/beyond-4096/trace0025
[00:45:45] INFO simulator.py:66: Using cache eviction algorithm: MomentumDecay(beta=0.9)
[00:45:49] INFO simulator.py:99: Cache occupied 2147483648 bytes
Processing trace traces/moba-512-3/beyond-4096/trace0026
[00:45:49] INFO simulator.py:66: Using cache eviction algorithm: MomentumDecay(beta=0.9)
[00:45:53] INFO simulator.py:99: Cache occupied 2147483648 bytes
Processing trace traces/moba-512-3/beyond-4096/trace0027
[00:45:53] INFO simulator.py:66: Using cache eviction algorithm: MomentumDecay(beta=0.9)
[00:45:57] INFO simulator.py:99: Cache occupied 2147483648 bytes
Processing trace traces/moba-512-3/beyond-4096/trace0028
[00:45:57] INFO simulator.py:66: Using cache eviction algorithm: MomentumDecay(beta=0.9)
[00:46:01] INFO simulator.py:99: Cache occupied 2147483648 bytes
Processing trace traces/moba-512-3/beyond-4096/trace0029
[00:46:01] INFO simulator.py:66: Using cache eviction algorithm: MomentumDecay(beta=0.9)
[00:46:05] INFO simulator.py:99: Cache occupied 2147483648 bytes
Processing trace traces/moba-512-3/beyond-4096/trace0030
[00:46:05] INFO simulator.py:66: Using cache eviction algorithm: MomentumDecay(beta=0.9)
[00:46:09] INFO simulator.py:99: Cache occupied 2147483648 bytes
Processing trace traces/moba-512-3/beyond-4096/trace0031
[00:46:09] INFO simulator.py:66: Using cache eviction algorithm: MomentumDecay(beta=0.9)
[00:46:13] INFO simulator.py:99: Cache occupied 2147483648 bytes
Processing trace traces/moba-512-3/beyond-4096/trace0032
[00:46:13] INFO simulator.py:66: Using cache eviction algorithm: MomentumDecay(beta=0.9)
[00:46:15] INFO simulator.py:99: Cache occupied 2147483648 bytes
Processing trace traces/moba-512-3/beyond-4096/trace0033
[00:46:15] INFO simulator.py:66: Using cache eviction algorithm: MomentumDecay(beta=0.9)
[00:46:19] INFO simulator.py:99: Cache occupied 2147483648 bytes
Processing trace traces/moba-512-3/beyond-4096/trace0034
[00:46:19] INFO simulator.py:66: Using cache eviction algorithm: MomentumDecay(beta=0.9)
[00:46:23] INFO simulator.py:99: Cache occupied 2147483648 bytes
Processing trace traces/moba-512-3/beyond-4096/trace0035
[00:46:23] INFO simulator.py:66: Using cache eviction algorithm: MomentumDecay(beta=0.9)
[00:46:27] INFO simulator.py:99: Cache occupied 2147483648 bytes
Processing trace traces/moba-512-3/beyond-4096/trace0036
[00:46:27] INFO simulator.py:66: Using cache eviction algorithm: MomentumDecay(beta=0.9)
[00:46:31] INFO simulator.py:99: Cache occupied 2147483648 bytes
Processing trace traces/moba-512-3/beyond-4096/trace0037
[00:46:31] INFO simulator.py:66: Using cache eviction algorithm: MomentumDecay(beta=0.9)
[00:46:36] INFO simulator.py:99: Cache occupied 2147483648 bytes
Processing trace traces/moba-512-3/beyond-4096/trace0038
[00:46:36] INFO simulator.py:66: Using cache eviction algorithm: MomentumDecay(beta=0.9)
[00:46:40] INFO simulator.py:99: Cache occupied 2147483648 bytes
Processing trace traces/moba-512-3/beyond-4096/trace0039
[00:46:40] INFO simulator.py:66: Using cache eviction algorithm: MomentumDecay(beta=0.9)
[00:46:44] INFO simulator.py:99: Cache occupied 2147483648 bytes
Processing trace traces/moba-512-3/beyond-4096/trace0040
[00:46:44] INFO simulator.py:66: Using cache eviction algorithm: MomentumDecay(beta=0.9)
[00:46:48] INFO simulator.py:99: Cache occupied 2147483648 bytes
Processing trace traces/moba-512-3/beyond-4096/trace0041
[00:46:48] INFO simulator.py:66: Using cache eviction algorithm: MomentumDecay(beta=0.9)
[00:46:52] INFO simulator.py:99: Cache occupied 2147483648 bytes
Processing trace traces/moba-512-3/beyond-4096/trace0042
[00:46:52] INFO simulator.py:66: Using cache eviction algorithm: MomentumDecay(beta=0.9)
[00:46:57] INFO simulator.py:99: Cache occupied 2147483648 bytes
Processing trace traces/moba-512-3/beyond-4096/trace0043
[00:46:57] INFO simulator.py:66: Using cache eviction algorithm: MomentumDecay(beta=0.9)
[00:46:59] INFO simulator.py:99: Cache occupied 2147483648 bytes
Processing trace traces/moba-512-3/beyond-4096/trace0044
[00:46:59] INFO simulator.py:66: Using cache eviction algorithm: MomentumDecay(beta=0.9)
[00:47:03] INFO simulator.py:99: Cache occupied 2147483648 bytes
Processing trace traces/moba-512-3/beyond-4096/trace0045
[00:47:03] INFO simulator.py:66: Using cache eviction algorithm: MomentumDecay(beta=0.9)
[00:47:04] INFO simulator.py:99: Cache occupied 2147483648 bytes
Processing trace traces/moba-512-3/beyond-4096/trace0046
[00:47:04] INFO simulator.py:66: Using cache eviction algorithm: MomentumDecay(beta=0.9)
[00:47:09] INFO simulator.py:99: Cache occupied 2147483648 bytes
Processing trace traces/moba-512-3/beyond-4096/trace0047
[00:47:09] INFO simulator.py:66: Using cache eviction algorithm: MomentumDecay(beta=0.9)
[00:47:13] INFO simulator.py:99: Cache occupied 2147483648 bytes
Processing trace traces/moba-512-3/beyond-4096/trace0048
[00:47:13] INFO simulator.py:66: Using cache eviction algorithm: MomentumDecay(beta=0.9)
[00:47:17] INFO simulator.py:99: Cache occupied 2147483648 bytes
Processing trace traces/moba-512-3/beyond-4096/trace0049
[00:47:17] INFO simulator.py:66: Using cache eviction algorithm: MomentumDecay(beta=0.9)
[00:47:21] INFO simulator.py:99: Cache occupied 2147483648 bytes
Processing trace traces/moba-512-3/beyond-4096/trace0050
[00:47:21] INFO simulator.py:66: Using cache eviction algorithm: MomentumDecay(beta=0.9)
[00:47:21] INFO simulator.py:99: Cache occupied 2147483648 bytes
Processing trace traces/moba-512-3/beyond-4096/trace0051
[00:47:21] INFO simulator.py:66: Using cache eviction algorithm: MomentumDecay(beta=0.9)
[00:47:25] INFO simulator.py:99: Cache occupied 2147483648 bytes
Processing trace traces/moba-512-3/beyond-4096/trace0052
[00:47:25] INFO simulator.py:66: Using cache eviction algorithm: MomentumDecay(beta=0.9)
[00:47:30] INFO simulator.py:99: Cache occupied 2147483648 bytes
Processing trace traces/moba-512-3/beyond-4096/trace0053
[00:47:30] INFO simulator.py:66: Using cache eviction algorithm: MomentumDecay(beta=0.9)
[00:47:34] INFO simulator.py:99: Cache occupied 2147483648 bytes
Processing trace traces/moba-512-3/beyond-4096/trace0054
[00:47:34] INFO simulator.py:66: Using cache eviction algorithm: MomentumDecay(beta=0.9)
[00:47:38] INFO simulator.py:99: Cache occupied 2147483648 bytes
Processing trace traces/moba-512-3/beyond-4096/trace0055
[00:47:38] INFO simulator.py:66: Using cache eviction algorithm: MomentumDecay(beta=0.9)
[00:47:42] INFO simulator.py:99: Cache occupied 2147483648 bytes
Processing trace traces/moba-512-3/beyond-4096/trace0056
[00:47:42] INFO simulator.py:66: Using cache eviction algorithm: MomentumDecay(beta=0.9)
[00:47:46] INFO simulator.py:99: Cache occupied 2147483648 bytes
Processing trace traces/moba-512-3/beyond-4096/trace0057
[00:47:46] INFO simulator.py:66: Using cache eviction algorithm: MomentumDecay(beta=0.9)
[00:47:50] INFO simulator.py:99: Cache occupied 2147483648 bytes
Processing trace traces/moba-512-3/beyond-4096/trace0058
[00:47:50] INFO simulator.py:66: Using cache eviction algorithm: MomentumDecay(beta=0.9)
[00:47:55] INFO simulator.py:99: Cache occupied 2147483648 bytes
Processing trace traces/moba-512-3/beyond-4096/trace0059
[00:47:55] INFO simulator.py:66: Using cache eviction algorithm: MomentumDecay(beta=0.9)
[00:47:56] INFO simulator.py:99: Cache occupied 2147483648 bytes
Processing trace traces/moba-512-3/beyond-4096/trace0060
[00:47:56] INFO simulator.py:66: Using cache eviction algorithm: MomentumDecay(beta=0.9)
[00:48:00] INFO simulator.py:99: Cache occupied 2147483648 bytes
Processing trace traces/moba-512-3/beyond-4096/trace0061
[00:48:00] INFO simulator.py:66: Using cache eviction algorithm: MomentumDecay(beta=0.9)
[00:48:04] INFO simulator.py:99: Cache occupied 2147483648 bytes
Processing trace traces/moba-512-3/beyond-4096/trace0062
[00:48:04] INFO simulator.py:66: Using cache eviction algorithm: MomentumDecay(beta=0.9)
[00:48:08] INFO simulator.py:99: Cache occupied 2147483648 bytes
Processing trace traces/moba-512-3/beyond-4096/trace0063
[00:48:08] INFO simulator.py:66: Using cache eviction algorithm: MomentumDecay(beta=0.9)
[00:48:13] INFO simulator.py:99: Cache occupied 2147483648 bytes
Processing trace traces/moba-512-3/beyond-4096/trace0064
[00:48:13] INFO simulator.py:66: Using cache eviction algorithm: MomentumDecay(beta=0.9)
[00:48:17] INFO simulator.py:99: Cache occupied 2147483648 bytes
Processing trace traces/moba-512-3/beyond-4096/trace0065
[00:48:17] INFO simulator.py:66: Using cache eviction algorithm: MomentumDecay(beta=0.9)
[00:48:21] INFO simulator.py:99: Cache occupied 2147483648 bytes
Processing trace traces/moba-512-3/beyond-4096/trace0066
[00:48:21] INFO simulator.py:66: Using cache eviction algorithm: MomentumDecay(beta=0.9)
[00:48:25] INFO simulator.py:99: Cache occupied 2147483648 bytes
Processing trace traces/moba-512-3/beyond-4096/trace0067
[00:48:25] INFO simulator.py:66: Using cache eviction algorithm: MomentumDecay(beta=0.9)
[00:48:29] INFO simulator.py:99: Cache occupied 2147483648 bytes
Processing trace traces/moba-512-3/beyond-4096/trace0068
[00:48:29] INFO simulator.py:66: Using cache eviction algorithm: MomentumDecay(beta=0.9)
[00:48:33] INFO simulator.py:99: Cache occupied 2147483648 bytes
Processing trace traces/moba-512-3/beyond-4096/trace0069
[00:48:33] INFO simulator.py:66: Using cache eviction algorithm: MomentumDecay(beta=0.9)
[00:48:37] INFO simulator.py:99: Cache occupied 2147483648 bytes
Processing trace traces/moba-512-3/beyond-4096/trace0070
[00:48:37] INFO simulator.py:66: Using cache eviction algorithm: MomentumDecay(beta=0.9)
[00:48:39] INFO simulator.py:99: Cache occupied 2147483648 bytes
Processing trace traces/moba-512-3/beyond-4096/trace0071
[00:48:39] INFO simulator.py:66: Using cache eviction algorithm: MomentumDecay(beta=0.9)
[00:48:43] INFO simulator.py:99: Cache occupied 2147483648 bytes
Processing trace traces/moba-512-3/beyond-4096/trace0072
[00:48:43] INFO simulator.py:66: Using cache eviction algorithm: MomentumDecay(beta=0.9)
[00:48:43] INFO simulator.py:99: Cache occupied 2147483648 bytes
Processing trace traces/moba-512-3/beyond-4096/trace0073
[00:48:43] INFO simulator.py:66: Using cache eviction algorithm: MomentumDecay(beta=0.9)
[00:48:48] INFO simulator.py:99: Cache occupied 2147483648 bytes
Processing trace traces/moba-512-3/beyond-4096/trace0074
[00:48:48] INFO simulator.py:66: Using cache eviction algorithm: MomentumDecay(beta=0.9)
[00:48:52] INFO simulator.py:99: Cache occupied 2147483648 bytes
Processing trace traces/moba-512-3/beyond-4096/trace0075
[00:48:52] INFO simulator.py:66: Using cache eviction algorithm: MomentumDecay(beta=0.9)
[00:48:54] INFO simulator.py:99: Cache occupied 2147483648 bytes
Processing trace traces/moba-512-3/beyond-4096/trace0076
[00:48:54] INFO simulator.py:66: Using cache eviction algorithm: MomentumDecay(beta=0.9)
[00:48:58] INFO simulator.py:99: Cache occupied 2147483648 bytes
Processing trace traces/moba-512-3/beyond-4096/trace0077
[00:48:58] INFO simulator.py:66: Using cache eviction algorithm: MomentumDecay(beta=0.9)
[00:49:02] INFO simulator.py:99: Cache occupied 2147483648 bytes
Processing trace traces/moba-512-3/beyond-4096/trace0078
[00:49:02] INFO simulator.py:66: Using cache eviction algorithm: MomentumDecay(beta=0.9)
[00:49:06] INFO simulator.py:99: Cache occupied 2147483648 bytes
Processing trace traces/moba-512-3/beyond-4096/trace0079
[00:49:06] INFO simulator.py:66: Using cache eviction algorithm: MomentumDecay(beta=0.9)
[00:49:11] INFO simulator.py:99: Cache occupied 2147483648 bytes
Processing trace traces/moba-512-3/beyond-4096/trace0080
[00:49:11] INFO simulator.py:66: Using cache eviction algorithm: MomentumDecay(beta=0.9)
[00:49:15] INFO simulator.py:99: Cache occupied 2147483648 bytes
Processing trace traces/moba-512-3/beyond-4096/trace0081
[00:49:15] INFO simulator.py:66: Using cache eviction algorithm: MomentumDecay(beta=0.9)
[00:49:19] INFO simulator.py:99: Cache occupied 2147483648 bytes
Processing trace traces/moba-512-3/beyond-4096/trace0082
[00:49:19] INFO simulator.py:66: Using cache eviction algorithm: MomentumDecay(beta=0.9)
[00:49:23] INFO simulator.py:99: Cache occupied 2147483648 bytes
Processing trace traces/moba-512-3/beyond-4096/trace0083
[00:49:23] INFO simulator.py:66: Using cache eviction algorithm: MomentumDecay(beta=0.9)
[00:49:27] INFO simulator.py:99: Cache occupied 2147483648 bytes
Processing trace traces/moba-512-3/beyond-4096/trace0084
[00:49:27] INFO simulator.py:66: Using cache eviction algorithm: MomentumDecay(beta=0.9)
[00:49:31] INFO simulator.py:99: Cache occupied 2147483648 bytes
Processing trace traces/moba-512-3/beyond-4096/trace0085
[00:49:31] INFO simulator.py:66: Using cache eviction algorithm: MomentumDecay(beta=0.9)
[00:49:35] INFO simulator.py:99: Cache occupied 2147483648 bytes
Processing trace traces/moba-512-3/beyond-4096/trace0086
[00:49:35] INFO simulator.py:66: Using cache eviction algorithm: MomentumDecay(beta=0.9)
[00:49:39] INFO simulator.py:99: Cache occupied 2147483648 bytes
Processing trace traces/moba-512-3/beyond-4096/trace0087
[00:49:39] INFO simulator.py:66: Using cache eviction algorithm: MomentumDecay(beta=0.9)
[00:49:43] INFO simulator.py:99: Cache occupied 2147483648 bytes
Processing trace traces/moba-512-3/beyond-4096/trace0088
[00:49:43] INFO simulator.py:66: Using cache eviction algorithm: MomentumDecay(beta=0.9)
[00:49:47] INFO simulator.py:99: Cache occupied 2147483648 bytes
Processing trace traces/moba-512-3/beyond-4096/trace0089
[00:49:47] INFO simulator.py:66: Using cache eviction algorithm: MomentumDecay(beta=0.9)
[00:49:52] INFO simulator.py:99: Cache occupied 2147483648 bytes
Processing trace traces/moba-512-3/beyond-4096/trace0090
[00:49:52] INFO simulator.py:66: Using cache eviction algorithm: MomentumDecay(beta=0.9)
[00:49:56] INFO simulator.py:99: Cache occupied 2147483648 bytes
Processing trace traces/moba-512-3/beyond-4096/trace0091
[00:49:56] INFO simulator.py:66: Using cache eviction algorithm: MomentumDecay(beta=0.9)
[00:50:00] INFO simulator.py:99: Cache occupied 2147483648 bytes
Processing trace traces/moba-512-3/beyond-4096/trace0092
[00:50:00] INFO simulator.py:66: Using cache eviction algorithm: MomentumDecay(beta=0.9)
[00:50:02] INFO simulator.py:99: Cache occupied 2147483648 bytes
Processing trace traces/moba-512-3/beyond-4096/trace0093
[00:50:02] INFO simulator.py:66: Using cache eviction algorithm: MomentumDecay(beta=0.9)
[00:50:06] INFO simulator.py:99: Cache occupied 2147483648 bytes
Processing trace traces/moba-512-3/beyond-4096/trace0094
[00:50:06] INFO simulator.py:66: Using cache eviction algorithm: MomentumDecay(beta=0.9)
[00:50:10] INFO simulator.py:99: Cache occupied 2147483648 bytes
Processing trace traces/moba-512-3/beyond-4096/trace0095
[00:50:10] INFO simulator.py:66: Using cache eviction algorithm: MomentumDecay(beta=0.9)
[00:50:15] INFO simulator.py:99: Cache occupied 2147483648 bytes
Processing trace traces/moba-512-3/beyond-4096/trace0096
[00:50:15] INFO simulator.py:66: Using cache eviction algorithm: MomentumDecay(beta=0.9)
[00:50:19] INFO simulator.py:99: Cache occupied 2147483648 bytes
Processing trace traces/moba-512-3/beyond-4096/trace0097
[00:50:19] INFO simulator.py:66: Using cache eviction algorithm: MomentumDecay(beta=0.9)
[00:50:23] INFO simulator.py:99: Cache occupied 2147483648 bytes
Processing trace traces/moba-512-3/beyond-4096/trace0098
[00:50:23] INFO simulator.py:66: Using cache eviction algorithm: MomentumDecay(beta=0.9)
[00:50:27] INFO simulator.py:99: Cache occupied 2147483648 bytes
Processing trace traces/moba-512-3/beyond-4096/trace0099
[00:50:27] INFO simulator.py:66: Using cache eviction algorithm: MomentumDecay(beta=0.9)
[00:50:31] INFO simulator.py:99: Cache occupied 2147483648 bytes
[00:50:31] INFO simulator.py:101: Average request miss ratio: 0.4333084465934147
[00:50:31] INFO simulator.py:102: Average bytes miss ratio: 0.4333084465934147
