[20:40:20] INFO simulator.py:82: Simulation config: SimConfig(trace_dir='traces/moba-512-3/beyond-4096', hidden_size=1024, num_layers=28, num_heads=16, kv_group_size=2, block_size=512, context_length=4096, top_k=3, page_size=32, store_all_kvheads=True, dtype_bytes=2, cache_size=1.5, eviction_algorithm='momentum_decay', batch_size=1, continuous_batching=False, verbose=False)
Processing trace traces/moba-512-3/beyond-4096/trace0000
[20:40:20] INFO simulator.py:66: Using cache eviction algorithm: MomentumDecay(beta=0.9)
[20:40:23] INFO simulator.py:99: Cache occupied 1610612736 bytes
Processing trace traces/moba-512-3/beyond-4096/trace0001
[20:40:23] INFO simulator.py:66: Using cache eviction algorithm: MomentumDecay(beta=0.9)
[20:40:27] INFO simulator.py:99: Cache occupied 1610612736 bytes
Processing trace traces/moba-512-3/beyond-4096/trace0002
[20:40:27] INFO simulator.py:66: Using cache eviction algorithm: MomentumDecay(beta=0.9)
[20:40:32] INFO simulator.py:99: Cache occupied 1610612736 bytes
Processing trace traces/moba-512-3/beyond-4096/trace0003
[20:40:32] INFO simulator.py:66: Using cache eviction algorithm: MomentumDecay(beta=0.9)
[20:40:36] INFO simulator.py:99: Cache occupied 1610612736 bytes
Processing trace traces/moba-512-3/beyond-4096/trace0004
[20:40:36] INFO simulator.py:66: Using cache eviction algorithm: MomentumDecay(beta=0.9)
[20:40:37] INFO simulator.py:99: Cache occupied 1610612736 bytes
Processing trace traces/moba-512-3/beyond-4096/trace0005
[20:40:37] INFO simulator.py:66: Using cache eviction algorithm: MomentumDecay(beta=0.9)
[20:40:42] INFO simulator.py:99: Cache occupied 1610612736 bytes
Processing trace traces/moba-512-3/beyond-4096/trace0006
[20:40:42] INFO simulator.py:66: Using cache eviction algorithm: MomentumDecay(beta=0.9)
[20:40:46] INFO simulator.py:99: Cache occupied 1610612736 bytes
Processing trace traces/moba-512-3/beyond-4096/trace0007
[20:40:46] INFO simulator.py:66: Using cache eviction algorithm: MomentumDecay(beta=0.9)
[20:40:51] INFO simulator.py:99: Cache occupied 1610612736 bytes
Processing trace traces/moba-512-3/beyond-4096/trace0008
[20:40:51] INFO simulator.py:66: Using cache eviction algorithm: MomentumDecay(beta=0.9)
[20:40:56] INFO simulator.py:99: Cache occupied 1610612736 bytes
Processing trace traces/moba-512-3/beyond-4096/trace0009
[20:40:56] INFO simulator.py:66: Using cache eviction algorithm: MomentumDecay(beta=0.9)
[20:41:00] INFO simulator.py:99: Cache occupied 1610612736 bytes
Processing trace traces/moba-512-3/beyond-4096/trace0010
[20:41:00] INFO simulator.py:66: Using cache eviction algorithm: MomentumDecay(beta=0.9)
[20:41:05] INFO simulator.py:99: Cache occupied 1610612736 bytes
Processing trace traces/moba-512-3/beyond-4096/trace0011
[20:41:05] INFO simulator.py:66: Using cache eviction algorithm: MomentumDecay(beta=0.9)
[20:41:06] INFO simulator.py:99: Cache occupied 1610612736 bytes
Processing trace traces/moba-512-3/beyond-4096/trace0012
[20:41:06] INFO simulator.py:66: Using cache eviction algorithm: MomentumDecay(beta=0.9)
[20:41:10] INFO simulator.py:99: Cache occupied 1610612736 bytes
Processing trace traces/moba-512-3/beyond-4096/trace0013
[20:41:10] INFO simulator.py:66: Using cache eviction algorithm: MomentumDecay(beta=0.9)
[20:41:15] INFO simulator.py:99: Cache occupied 1610612736 bytes
Processing trace traces/moba-512-3/beyond-4096/trace0014
[20:41:15] INFO simulator.py:66: Using cache eviction algorithm: MomentumDecay(beta=0.9)
[20:41:20] INFO simulator.py:99: Cache occupied 1610612736 bytes
Processing trace traces/moba-512-3/beyond-4096/trace0015
[20:41:20] INFO simulator.py:66: Using cache eviction algorithm: MomentumDecay(beta=0.9)
[20:41:24] INFO simulator.py:99: Cache occupied 1610612736 bytes
Processing trace traces/moba-512-3/beyond-4096/trace0016
[20:41:24] INFO simulator.py:66: Using cache eviction algorithm: MomentumDecay(beta=0.9)
[20:41:29] INFO simulator.py:99: Cache occupied 1610612736 bytes
Processing trace traces/moba-512-3/beyond-4096/trace0017
[20:41:29] INFO simulator.py:66: Using cache eviction algorithm: MomentumDecay(beta=0.9)
[20:41:34] INFO simulator.py:99: Cache occupied 1610612736 bytes
Processing trace traces/moba-512-3/beyond-4096/trace0018
[20:41:34] INFO simulator.py:66: Using cache eviction algorithm: MomentumDecay(beta=0.9)
[20:41:38] INFO simulator.py:99: Cache occupied 1610612736 bytes
Processing trace traces/moba-512-3/beyond-4096/trace0019
[20:41:38] INFO simulator.py:66: Using cache eviction algorithm: MomentumDecay(beta=0.9)
[20:41:43] INFO simulator.py:99: Cache occupied 1610612736 bytes
Processing trace traces/moba-512-3/beyond-4096/trace0020
[20:41:43] INFO simulator.py:66: Using cache eviction algorithm: MomentumDecay(beta=0.9)
[20:41:47] INFO simulator.py:99: Cache occupied 1610612736 bytes
Processing trace traces/moba-512-3/beyond-4096/trace0021
[20:41:48] INFO simulator.py:66: Using cache eviction algorithm: MomentumDecay(beta=0.9)
[20:41:52] INFO simulator.py:99: Cache occupied 1610612736 bytes
Processing trace traces/moba-512-3/beyond-4096/trace0022
[20:41:52] INFO simulator.py:66: Using cache eviction algorithm: MomentumDecay(beta=0.9)
[20:41:57] INFO simulator.py:99: Cache occupied 1610612736 bytes
Processing trace traces/moba-512-3/beyond-4096/trace0023
[20:41:57] INFO simulator.py:66: Using cache eviction algorithm: MomentumDecay(beta=0.9)
[20:42:01] INFO simulator.py:99: Cache occupied 1610612736 bytes
Processing trace traces/moba-512-3/beyond-4096/trace0024
[20:42:01] INFO simulator.py:66: Using cache eviction algorithm: MomentumDecay(beta=0.9)
[20:42:06] INFO simulator.py:99: Cache occupied 1610612736 bytes
Processing trace traces/moba-512-3/beyond-4096/trace0025
[20:42:06] INFO simulator.py:66: Using cache eviction algorithm: MomentumDecay(beta=0.9)
[20:42:10] INFO simulator.py:99: Cache occupied 1610612736 bytes
Processing trace traces/moba-512-3/beyond-4096/trace0026
[20:42:10] INFO simulator.py:66: Using cache eviction algorithm: MomentumDecay(beta=0.9)
[20:42:15] INFO simulator.py:99: Cache occupied 1610612736 bytes
Processing trace traces/moba-512-3/beyond-4096/trace0027
[20:42:15] INFO simulator.py:66: Using cache eviction algorithm: MomentumDecay(beta=0.9)
[20:42:20] INFO simulator.py:99: Cache occupied 1610612736 bytes
Processing trace traces/moba-512-3/beyond-4096/trace0028
[20:42:20] INFO simulator.py:66: Using cache eviction algorithm: MomentumDecay(beta=0.9)
[20:42:25] INFO simulator.py:99: Cache occupied 1610612736 bytes
Processing trace traces/moba-512-3/beyond-4096/trace0029
[20:42:25] INFO simulator.py:66: Using cache eviction algorithm: MomentumDecay(beta=0.9)
[20:42:29] INFO simulator.py:99: Cache occupied 1610612736 bytes
Processing trace traces/moba-512-3/beyond-4096/trace0030
[20:42:29] INFO simulator.py:66: Using cache eviction algorithm: MomentumDecay(beta=0.9)
[20:42:34] INFO simulator.py:99: Cache occupied 1610612736 bytes
Processing trace traces/moba-512-3/beyond-4096/trace0031
[20:42:34] INFO simulator.py:66: Using cache eviction algorithm: MomentumDecay(beta=0.9)
[20:42:38] INFO simulator.py:99: Cache occupied 1610612736 bytes
Processing trace traces/moba-512-3/beyond-4096/trace0032
[20:42:38] INFO simulator.py:66: Using cache eviction algorithm: MomentumDecay(beta=0.9)
[20:42:40] INFO simulator.py:99: Cache occupied 1610612736 bytes
Processing trace traces/moba-512-3/beyond-4096/trace0033
[20:42:40] INFO simulator.py:66: Using cache eviction algorithm: MomentumDecay(beta=0.9)
[20:42:44] INFO simulator.py:99: Cache occupied 1610612736 bytes
Processing trace traces/moba-512-3/beyond-4096/trace0034
[20:42:44] INFO simulator.py:66: Using cache eviction algorithm: MomentumDecay(beta=0.9)
[20:42:49] INFO simulator.py:99: Cache occupied 1610612736 bytes
Processing trace traces/moba-512-3/beyond-4096/trace0035
[20:42:49] INFO simulator.py:66: Using cache eviction algorithm: MomentumDecay(beta=0.9)
[20:42:54] INFO simulator.py:99: Cache occupied 1610612736 bytes
Processing trace traces/moba-512-3/beyond-4096/trace0036
[20:42:54] INFO simulator.py:66: Using cache eviction algorithm: MomentumDecay(beta=0.9)
[20:42:58] INFO simulator.py:99: Cache occupied 1610612736 bytes
Processing trace traces/moba-512-3/beyond-4096/trace0037
[20:42:58] INFO simulator.py:66: Using cache eviction algorithm: MomentumDecay(beta=0.9)
[20:43:03] INFO simulator.py:99: Cache occupied 1610612736 bytes
Processing trace traces/moba-512-3/beyond-4096/trace0038
[20:43:03] INFO simulator.py:66: Using cache eviction algorithm: MomentumDecay(beta=0.9)
[20:43:07] INFO simulator.py:99: Cache occupied 1610612736 bytes
Processing trace traces/moba-512-3/beyond-4096/trace0039
[20:43:08] INFO simulator.py:66: Using cache eviction algorithm: MomentumDecay(beta=0.9)
[20:43:12] INFO simulator.py:99: Cache occupied 1610612736 bytes
Processing trace traces/moba-512-3/beyond-4096/trace0040
[20:43:12] INFO simulator.py:66: Using cache eviction algorithm: MomentumDecay(beta=0.9)
[20:43:17] INFO simulator.py:99: Cache occupied 1610612736 bytes
Processing trace traces/moba-512-3/beyond-4096/trace0041
[20:43:17] INFO simulator.py:66: Using cache eviction algorithm: MomentumDecay(beta=0.9)
[20:43:22] INFO simulator.py:99: Cache occupied 1610612736 bytes
Processing trace traces/moba-512-3/beyond-4096/trace0042
[20:43:22] INFO simulator.py:66: Using cache eviction algorithm: MomentumDecay(beta=0.9)
[20:43:26] INFO simulator.py:99: Cache occupied 1610612736 bytes
Processing trace traces/moba-512-3/beyond-4096/trace0043
[20:43:26] INFO simulator.py:66: Using cache eviction algorithm: MomentumDecay(beta=0.9)
[20:43:29] INFO simulator.py:99: Cache occupied 1610612736 bytes
Processing trace traces/moba-512-3/beyond-4096/trace0044
[20:43:29] INFO simulator.py:66: Using cache eviction algorithm: MomentumDecay(beta=0.9)
[20:43:33] INFO simulator.py:99: Cache occupied 1610612736 bytes
Processing trace traces/moba-512-3/beyond-4096/trace0045
[20:43:33] INFO simulator.py:66: Using cache eviction algorithm: MomentumDecay(beta=0.9)
[20:43:35] INFO simulator.py:99: Cache occupied 1610612736 bytes
Processing trace traces/moba-512-3/beyond-4096/trace0046
[20:43:35] INFO simulator.py:66: Using cache eviction algorithm: MomentumDecay(beta=0.9)
[20:43:39] INFO simulator.py:99: Cache occupied 1610612736 bytes
Processing trace traces/moba-512-3/beyond-4096/trace0047
[20:43:39] INFO simulator.py:66: Using cache eviction algorithm: MomentumDecay(beta=0.9)
[20:43:44] INFO simulator.py:99: Cache occupied 1610612736 bytes
Processing trace traces/moba-512-3/beyond-4096/trace0048
[20:43:44] INFO simulator.py:66: Using cache eviction algorithm: MomentumDecay(beta=0.9)
[20:43:49] INFO simulator.py:99: Cache occupied 1610612736 bytes
Processing trace traces/moba-512-3/beyond-4096/trace0049
[20:43:49] INFO simulator.py:66: Using cache eviction algorithm: MomentumDecay(beta=0.9)
[20:43:53] INFO simulator.py:99: Cache occupied 1610612736 bytes
Processing trace traces/moba-512-3/beyond-4096/trace0050
[20:43:53] INFO simulator.py:66: Using cache eviction algorithm: MomentumDecay(beta=0.9)
[20:43:54] INFO simulator.py:99: Cache occupied 1610612736 bytes
Processing trace traces/moba-512-3/beyond-4096/trace0051
[20:43:54] INFO simulator.py:66: Using cache eviction algorithm: MomentumDecay(beta=0.9)
[20:43:58] INFO simulator.py:99: Cache occupied 1610612736 bytes
Processing trace traces/moba-512-3/beyond-4096/trace0052
[20:43:58] INFO simulator.py:66: Using cache eviction algorithm: MomentumDecay(beta=0.9)
[20:44:03] INFO simulator.py:99: Cache occupied 1610612736 bytes
Processing trace traces/moba-512-3/beyond-4096/trace0053
[20:44:03] INFO simulator.py:66: Using cache eviction algorithm: MomentumDecay(beta=0.9)
[20:44:07] INFO simulator.py:99: Cache occupied 1610612736 bytes
Processing trace traces/moba-512-3/beyond-4096/trace0054
[20:44:07] INFO simulator.py:66: Using cache eviction algorithm: MomentumDecay(beta=0.9)
[20:44:12] INFO simulator.py:99: Cache occupied 1610612736 bytes
Processing trace traces/moba-512-3/beyond-4096/trace0055
[20:44:12] INFO simulator.py:66: Using cache eviction algorithm: MomentumDecay(beta=0.9)
[20:44:17] INFO simulator.py:99: Cache occupied 1610612736 bytes
Processing trace traces/moba-512-3/beyond-4096/trace0056
[20:44:17] INFO simulator.py:66: Using cache eviction algorithm: MomentumDecay(beta=0.9)
[20:44:21] INFO simulator.py:99: Cache occupied 1610612736 bytes
Processing trace traces/moba-512-3/beyond-4096/trace0057
[20:44:21] INFO simulator.py:66: Using cache eviction algorithm: MomentumDecay(beta=0.9)
[20:44:26] INFO simulator.py:99: Cache occupied 1610612736 bytes
Processing trace traces/moba-512-3/beyond-4096/trace0058
[20:44:26] INFO simulator.py:66: Using cache eviction algorithm: MomentumDecay(beta=0.9)
[20:44:30] INFO simulator.py:99: Cache occupied 1610612736 bytes
Processing trace traces/moba-512-3/beyond-4096/trace0059
[20:44:31] INFO simulator.py:66: Using cache eviction algorithm: MomentumDecay(beta=0.9)
[20:44:32] INFO simulator.py:99: Cache occupied 1610612736 bytes
Processing trace traces/moba-512-3/beyond-4096/trace0060
[20:44:32] INFO simulator.py:66: Using cache eviction algorithm: MomentumDecay(beta=0.9)
[20:44:37] INFO simulator.py:99: Cache occupied 1610612736 bytes
Processing trace traces/moba-512-3/beyond-4096/trace0061
[20:44:37] INFO simulator.py:66: Using cache eviction algorithm: MomentumDecay(beta=0.9)
[20:44:41] INFO simulator.py:99: Cache occupied 1610612736 bytes
Processing trace traces/moba-512-3/beyond-4096/trace0062
[20:44:41] INFO simulator.py:66: Using cache eviction algorithm: MomentumDecay(beta=0.9)
[20:44:46] INFO simulator.py:99: Cache occupied 1610612736 bytes
Processing trace traces/moba-512-3/beyond-4096/trace0063
[20:44:46] INFO simulator.py:66: Using cache eviction algorithm: MomentumDecay(beta=0.9)
[20:44:50] INFO simulator.py:99: Cache occupied 1610612736 bytes
Processing trace traces/moba-512-3/beyond-4096/trace0064
[20:44:50] INFO simulator.py:66: Using cache eviction algorithm: MomentumDecay(beta=0.9)
[20:44:55] INFO simulator.py:99: Cache occupied 1610612736 bytes
Processing trace traces/moba-512-3/beyond-4096/trace0065
[20:44:55] INFO simulator.py:66: Using cache eviction algorithm: MomentumDecay(beta=0.9)
[20:45:00] INFO simulator.py:99: Cache occupied 1610612736 bytes
Processing trace traces/moba-512-3/beyond-4096/trace0066
[20:45:00] INFO simulator.py:66: Using cache eviction algorithm: MomentumDecay(beta=0.9)
[20:45:04] INFO simulator.py:99: Cache occupied 1610612736 bytes
Processing trace traces/moba-512-3/beyond-4096/trace0067
[20:45:04] INFO simulator.py:66: Using cache eviction algorithm: MomentumDecay(beta=0.9)
[20:45:09] INFO simulator.py:99: Cache occupied 1610612736 bytes
Processing trace traces/moba-512-3/beyond-4096/trace0068
[20:45:09] INFO simulator.py:66: Using cache eviction algorithm: MomentumDecay(beta=0.9)
[20:45:13] INFO simulator.py:99: Cache occupied 1610612736 bytes
Processing trace traces/moba-512-3/beyond-4096/trace0069
[20:45:13] INFO simulator.py:66: Using cache eviction algorithm: MomentumDecay(beta=0.9)
[20:45:18] INFO simulator.py:99: Cache occupied 1610612736 bytes
Processing trace traces/moba-512-3/beyond-4096/trace0070
[20:45:18] INFO simulator.py:66: Using cache eviction algorithm: MomentumDecay(beta=0.9)
[20:45:20] INFO simulator.py:99: Cache occupied 1610612736 bytes
Processing trace traces/moba-512-3/beyond-4096/trace0071
[20:45:20] INFO simulator.py:66: Using cache eviction algorithm: MomentumDecay(beta=0.9)
[20:45:24] INFO simulator.py:99: Cache occupied 1610612736 bytes
Processing trace traces/moba-512-3/beyond-4096/trace0072
[20:45:24] INFO simulator.py:66: Using cache eviction algorithm: MomentumDecay(beta=0.9)
[20:45:24] INFO simulator.py:99: Cache occupied 1610612736 bytes
Processing trace traces/moba-512-3/beyond-4096/trace0073
[20:45:24] INFO simulator.py:66: Using cache eviction algorithm: MomentumDecay(beta=0.9)
[20:45:29] INFO simulator.py:99: Cache occupied 1610612736 bytes
Processing trace traces/moba-512-3/beyond-4096/trace0074
[20:45:29] INFO simulator.py:66: Using cache eviction algorithm: MomentumDecay(beta=0.9)
[20:45:33] INFO simulator.py:99: Cache occupied 1610612736 bytes
Processing trace traces/moba-512-3/beyond-4096/trace0075
[20:45:34] INFO simulator.py:66: Using cache eviction algorithm: MomentumDecay(beta=0.9)
[20:45:36] INFO simulator.py:99: Cache occupied 1610612736 bytes
Processing trace traces/moba-512-3/beyond-4096/trace0076
[20:45:36] INFO simulator.py:66: Using cache eviction algorithm: MomentumDecay(beta=0.9)
[20:45:41] INFO simulator.py:99: Cache occupied 1610612736 bytes
Processing trace traces/moba-512-3/beyond-4096/trace0077
[20:45:41] INFO simulator.py:66: Using cache eviction algorithm: MomentumDecay(beta=0.9)
[20:45:45] INFO simulator.py:99: Cache occupied 1610612736 bytes
Processing trace traces/moba-512-3/beyond-4096/trace0078
[20:45:45] INFO simulator.py:66: Using cache eviction algorithm: MomentumDecay(beta=0.9)
[20:45:50] INFO simulator.py:99: Cache occupied 1610612736 bytes
Processing trace traces/moba-512-3/beyond-4096/trace0079
[20:45:50] INFO simulator.py:66: Using cache eviction algorithm: MomentumDecay(beta=0.9)
[20:45:54] INFO simulator.py:99: Cache occupied 1610612736 bytes
Processing trace traces/moba-512-3/beyond-4096/trace0080
[20:45:54] INFO simulator.py:66: Using cache eviction algorithm: MomentumDecay(beta=0.9)
[20:45:59] INFO simulator.py:99: Cache occupied 1610612736 bytes
Processing trace traces/moba-512-3/beyond-4096/trace0081
[20:45:59] INFO simulator.py:66: Using cache eviction algorithm: MomentumDecay(beta=0.9)
[20:46:03] INFO simulator.py:99: Cache occupied 1610612736 bytes
Processing trace traces/moba-512-3/beyond-4096/trace0082
[20:46:03] INFO simulator.py:66: Using cache eviction algorithm: MomentumDecay(beta=0.9)
[20:46:08] INFO simulator.py:99: Cache occupied 1610612736 bytes
Processing trace traces/moba-512-3/beyond-4096/trace0083
[20:46:08] INFO simulator.py:66: Using cache eviction algorithm: MomentumDecay(beta=0.9)
[20:46:12] INFO simulator.py:99: Cache occupied 1610612736 bytes
Processing trace traces/moba-512-3/beyond-4096/trace0084
[20:46:12] INFO simulator.py:66: Using cache eviction algorithm: MomentumDecay(beta=0.9)
[20:46:16] INFO simulator.py:99: Cache occupied 1610612736 bytes
Processing trace traces/moba-512-3/beyond-4096/trace0085
[20:46:17] INFO simulator.py:66: Using cache eviction algorithm: MomentumDecay(beta=0.9)
[20:46:21] INFO simulator.py:99: Cache occupied 1610612736 bytes
Processing trace traces/moba-512-3/beyond-4096/trace0086
[20:46:21] INFO simulator.py:66: Using cache eviction algorithm: MomentumDecay(beta=0.9)
[20:46:26] INFO simulator.py:99: Cache occupied 1610612736 bytes
Processing trace traces/moba-512-3/beyond-4096/trace0087
[20:46:26] INFO simulator.py:66: Using cache eviction algorithm: MomentumDecay(beta=0.9)
[20:46:30] INFO simulator.py:99: Cache occupied 1610612736 bytes
Processing trace traces/moba-512-3/beyond-4096/trace0088
[20:46:30] INFO simulator.py:66: Using cache eviction algorithm: MomentumDecay(beta=0.9)
[20:46:35] INFO simulator.py:99: Cache occupied 1610612736 bytes
Processing trace traces/moba-512-3/beyond-4096/trace0089
[20:46:35] INFO simulator.py:66: Using cache eviction algorithm: MomentumDecay(beta=0.9)
[20:46:39] INFO simulator.py:99: Cache occupied 1610612736 bytes
Processing trace traces/moba-512-3/beyond-4096/trace0090
[20:46:39] INFO simulator.py:66: Using cache eviction algorithm: MomentumDecay(beta=0.9)
[20:46:44] INFO simulator.py:99: Cache occupied 1610612736 bytes
Processing trace traces/moba-512-3/beyond-4096/trace0091
[20:46:44] INFO simulator.py:66: Using cache eviction algorithm: MomentumDecay(beta=0.9)
[20:46:48] INFO simulator.py:99: Cache occupied 1610612736 bytes
Processing trace traces/moba-512-3/beyond-4096/trace0092
[20:46:48] INFO simulator.py:66: Using cache eviction algorithm: MomentumDecay(beta=0.9)
[20:46:51] INFO simulator.py:99: Cache occupied 1610612736 bytes
Processing trace traces/moba-512-3/beyond-4096/trace0093
[20:46:51] INFO simulator.py:66: Using cache eviction algorithm: MomentumDecay(beta=0.9)
[20:46:55] INFO simulator.py:99: Cache occupied 1610612736 bytes
Processing trace traces/moba-512-3/beyond-4096/trace0094
[20:46:55] INFO simulator.py:66: Using cache eviction algorithm: MomentumDecay(beta=0.9)
[20:47:00] INFO simulator.py:99: Cache occupied 1610612736 bytes
Processing trace traces/moba-512-3/beyond-4096/trace0095
[20:47:00] INFO simulator.py:66: Using cache eviction algorithm: MomentumDecay(beta=0.9)
[20:47:04] INFO simulator.py:99: Cache occupied 1610612736 bytes
Processing trace traces/moba-512-3/beyond-4096/trace0096
[20:47:04] INFO simulator.py:66: Using cache eviction algorithm: MomentumDecay(beta=0.9)
[20:47:09] INFO simulator.py:99: Cache occupied 1610612736 bytes
Processing trace traces/moba-512-3/beyond-4096/trace0097
[20:47:09] INFO simulator.py:66: Using cache eviction algorithm: MomentumDecay(beta=0.9)
[20:47:13] INFO simulator.py:99: Cache occupied 1610612736 bytes
Processing trace traces/moba-512-3/beyond-4096/trace0098
[20:47:13] INFO simulator.py:66: Using cache eviction algorithm: MomentumDecay(beta=0.9)
[20:47:18] INFO simulator.py:99: Cache occupied 1610612736 bytes
Processing trace traces/moba-512-3/beyond-4096/trace0099
[20:47:18] INFO simulator.py:66: Using cache eviction algorithm: MomentumDecay(beta=0.9)
[20:47:22] INFO simulator.py:99: Cache occupied 1610612736 bytes
[20:47:22] INFO simulator.py:101: Average request miss ratio: 0.507478032795735
[20:47:22] INFO simulator.py:102: Average bytes miss ratio: 0.507478032795735
