[00:44:07] INFO simulator.py:82: Simulation config: SimConfig(trace_dir='traces/moba-512-3/beyond-4096', hidden_size=1024, num_layers=28, num_heads=16, kv_group_size=2, block_size=512, context_length=4096, top_k=3, page_size=32, store_all_kvheads=True, dtype_bytes=2, cache_size=0.0, eviction_algorithm='s3fifo', batch_size=1, continuous_batching=False, verbose=False)
Processing trace traces/moba-512-3/beyond-4096/trace0000
[00:44:07] INFO simulator.py:66: Using cache eviction algorithm: S3FIFO-0.1000-2
[00:44:09] INFO simulator.py:99: Cache occupied 0 bytes
Processing trace traces/moba-512-3/beyond-4096/trace0001
[00:44:09] INFO simulator.py:66: Using cache eviction algorithm: S3FIFO-0.1000-2
[00:44:12] INFO simulator.py:99: Cache occupied 0 bytes
Processing trace traces/moba-512-3/beyond-4096/trace0002
[00:44:12] INFO simulator.py:66: Using cache eviction algorithm: S3FIFO-0.1000-2
[00:44:15] INFO simulator.py:99: Cache occupied 0 bytes
Processing trace traces/moba-512-3/beyond-4096/trace0003
[00:44:15] INFO simulator.py:66: Using cache eviction algorithm: S3FIFO-0.1000-2
[00:44:18] INFO simulator.py:99: Cache occupied 0 bytes
Processing trace traces/moba-512-3/beyond-4096/trace0004
[00:44:18] INFO simulator.py:66: Using cache eviction algorithm: S3FIFO-0.1000-2
[00:44:18] INFO simulator.py:99: Cache occupied 0 bytes
Processing trace traces/moba-512-3/beyond-4096/trace0005
[00:44:18] INFO simulator.py:66: Using cache eviction algorithm: S3FIFO-0.1000-2
[00:44:22] INFO simulator.py:99: Cache occupied 0 bytes
Processing trace traces/moba-512-3/beyond-4096/trace0006
[00:44:22] INFO simulator.py:66: Using cache eviction algorithm: S3FIFO-0.1000-2
[00:44:25] INFO simulator.py:99: Cache occupied 0 bytes
Processing trace traces/moba-512-3/beyond-4096/trace0007
[00:44:25] INFO simulator.py:66: Using cache eviction algorithm: S3FIFO-0.1000-2
[00:44:28] INFO simulator.py:99: Cache occupied 0 bytes
Processing trace traces/moba-512-3/beyond-4096/trace0008
[00:44:28] INFO simulator.py:66: Using cache eviction algorithm: S3FIFO-0.1000-2
[00:44:31] INFO simulator.py:99: Cache occupied 0 bytes
Processing trace traces/moba-512-3/beyond-4096/trace0009
[00:44:31] INFO simulator.py:66: Using cache eviction algorithm: S3FIFO-0.1000-2
[00:44:34] INFO simulator.py:99: Cache occupied 0 bytes
Processing trace traces/moba-512-3/beyond-4096/trace0010
[00:44:34] INFO simulator.py:66: Using cache eviction algorithm: S3FIFO-0.1000-2
[00:44:37] INFO simulator.py:99: Cache occupied 0 bytes
Processing trace traces/moba-512-3/beyond-4096/trace0011
[00:44:37] INFO simulator.py:66: Using cache eviction algorithm: S3FIFO-0.1000-2
[00:44:38] INFO simulator.py:99: Cache occupied 0 bytes
Processing trace traces/moba-512-3/beyond-4096/trace0012
[00:44:38] INFO simulator.py:66: Using cache eviction algorithm: S3FIFO-0.1000-2
[00:44:41] INFO simulator.py:99: Cache occupied 0 bytes
Processing trace traces/moba-512-3/beyond-4096/trace0013
[00:44:41] INFO simulator.py:66: Using cache eviction algorithm: S3FIFO-0.1000-2
[00:44:44] INFO simulator.py:99: Cache occupied 0 bytes
Processing trace traces/moba-512-3/beyond-4096/trace0014
[00:44:44] INFO simulator.py:66: Using cache eviction algorithm: S3FIFO-0.1000-2
[00:44:47] INFO simulator.py:99: Cache occupied 0 bytes
Processing trace traces/moba-512-3/beyond-4096/trace0015
[00:44:47] INFO simulator.py:66: Using cache eviction algorithm: S3FIFO-0.1000-2
[00:44:51] INFO simulator.py:99: Cache occupied 0 bytes
Processing trace traces/moba-512-3/beyond-4096/trace0016
[00:44:51] INFO simulator.py:66: Using cache eviction algorithm: S3FIFO-0.1000-2
[00:44:54] INFO simulator.py:99: Cache occupied 0 bytes
Processing trace traces/moba-512-3/beyond-4096/trace0017
[00:44:54] INFO simulator.py:66: Using cache eviction algorithm: S3FIFO-0.1000-2
[00:44:57] INFO simulator.py:99: Cache occupied 0 bytes
Processing trace traces/moba-512-3/beyond-4096/trace0018
[00:44:57] INFO simulator.py:66: Using cache eviction algorithm: S3FIFO-0.1000-2
[00:45:00] INFO simulator.py:99: Cache occupied 0 bytes
Processing trace traces/moba-512-3/beyond-4096/trace0019
[00:45:00] INFO simulator.py:66: Using cache eviction algorithm: S3FIFO-0.1000-2
[00:45:03] INFO simulator.py:99: Cache occupied 0 bytes
Processing trace traces/moba-512-3/beyond-4096/trace0020
[00:45:03] INFO simulator.py:66: Using cache eviction algorithm: S3FIFO-0.1000-2
[00:45:06] INFO simulator.py:99: Cache occupied 0 bytes
Processing trace traces/moba-512-3/beyond-4096/trace0021
[00:45:06] INFO simulator.py:66: Using cache eviction algorithm: S3FIFO-0.1000-2
[00:45:09] INFO simulator.py:99: Cache occupied 0 bytes
Processing trace traces/moba-512-3/beyond-4096/trace0022
[00:45:09] INFO simulator.py:66: Using cache eviction algorithm: S3FIFO-0.1000-2
[00:45:12] INFO simulator.py:99: Cache occupied 0 bytes
Processing trace traces/moba-512-3/beyond-4096/trace0023
[00:45:12] INFO simulator.py:66: Using cache eviction algorithm: S3FIFO-0.1000-2
[00:45:15] INFO simulator.py:99: Cache occupied 0 bytes
Processing trace traces/moba-512-3/beyond-4096/trace0024
[00:45:15] INFO simulator.py:66: Using cache eviction algorithm: S3FIFO-0.1000-2
[00:45:18] INFO simulator.py:99: Cache occupied 0 bytes
Processing trace traces/moba-512-3/beyond-4096/trace0025
[00:45:18] INFO simulator.py:66: Using cache eviction algorithm: S3FIFO-0.1000-2
[00:45:21] INFO simulator.py:99: Cache occupied 0 bytes
Processing trace traces/moba-512-3/beyond-4096/trace0026
[00:45:21] INFO simulator.py:66: Using cache eviction algorithm: S3FIFO-0.1000-2
[00:45:24] INFO simulator.py:99: Cache occupied 0 bytes
Processing trace traces/moba-512-3/beyond-4096/trace0027
[00:45:24] INFO simulator.py:66: Using cache eviction algorithm: S3FIFO-0.1000-2
[00:45:27] INFO simulator.py:99: Cache occupied 0 bytes
Processing trace traces/moba-512-3/beyond-4096/trace0028
[00:45:27] INFO simulator.py:66: Using cache eviction algorithm: S3FIFO-0.1000-2
[00:45:31] INFO simulator.py:99: Cache occupied 0 bytes
Processing trace traces/moba-512-3/beyond-4096/trace0029
[00:45:31] INFO simulator.py:66: Using cache eviction algorithm: S3FIFO-0.1000-2
[00:45:34] INFO simulator.py:99: Cache occupied 0 bytes
Processing trace traces/moba-512-3/beyond-4096/trace0030
[00:45:34] INFO simulator.py:66: Using cache eviction algorithm: S3FIFO-0.1000-2
[00:45:37] INFO simulator.py:99: Cache occupied 0 bytes
Processing trace traces/moba-512-3/beyond-4096/trace0031
[00:45:37] INFO simulator.py:66: Using cache eviction algorithm: S3FIFO-0.1000-2
[00:45:40] INFO simulator.py:99: Cache occupied 0 bytes
Processing trace traces/moba-512-3/beyond-4096/trace0032
[00:45:40] INFO simulator.py:66: Using cache eviction algorithm: S3FIFO-0.1000-2
[00:45:41] INFO simulator.py:99: Cache occupied 0 bytes
Processing trace traces/moba-512-3/beyond-4096/trace0033
[00:45:41] INFO simulator.py:66: Using cache eviction algorithm: S3FIFO-0.1000-2
[00:45:44] INFO simulator.py:99: Cache occupied 0 bytes
Processing trace traces/moba-512-3/beyond-4096/trace0034
[00:45:44] INFO simulator.py:66: Using cache eviction algorithm: S3FIFO-0.1000-2
[00:45:47] INFO simulator.py:99: Cache occupied 0 bytes
Processing trace traces/moba-512-3/beyond-4096/trace0035
[00:45:47] INFO simulator.py:66: Using cache eviction algorithm: S3FIFO-0.1000-2
[00:45:50] INFO simulator.py:99: Cache occupied 0 bytes
Processing trace traces/moba-512-3/beyond-4096/trace0036
[00:45:50] INFO simulator.py:66: Using cache eviction algorithm: S3FIFO-0.1000-2
[00:45:53] INFO simulator.py:99: Cache occupied 0 bytes
Processing trace traces/moba-512-3/beyond-4096/trace0037
[00:45:53] INFO simulator.py:66: Using cache eviction algorithm: S3FIFO-0.1000-2
[00:45:56] INFO simulator.py:99: Cache occupied 0 bytes
Processing trace traces/moba-512-3/beyond-4096/trace0038
[00:45:56] INFO simulator.py:66: Using cache eviction algorithm: S3FIFO-0.1000-2
[00:45:59] INFO simulator.py:99: Cache occupied 0 bytes
Processing trace traces/moba-512-3/beyond-4096/trace0039
[00:45:59] INFO simulator.py:66: Using cache eviction algorithm: S3FIFO-0.1000-2
[00:46:02] INFO simulator.py:99: Cache occupied 0 bytes
Processing trace traces/moba-512-3/beyond-4096/trace0040
[00:46:02] INFO simulator.py:66: Using cache eviction algorithm: S3FIFO-0.1000-2
[00:46:05] INFO simulator.py:99: Cache occupied 0 bytes
Processing trace traces/moba-512-3/beyond-4096/trace0041
[00:46:05] INFO simulator.py:66: Using cache eviction algorithm: S3FIFO-0.1000-2
[00:46:08] INFO simulator.py:99: Cache occupied 0 bytes
Processing trace traces/moba-512-3/beyond-4096/trace0042
[00:46:08] INFO simulator.py:66: Using cache eviction algorithm: S3FIFO-0.1000-2
[00:46:12] INFO simulator.py:99: Cache occupied 0 bytes
Processing trace traces/moba-512-3/beyond-4096/trace0043
[00:46:12] INFO simulator.py:66: Using cache eviction algorithm: S3FIFO-0.1000-2
[00:46:13] INFO simulator.py:99: Cache occupied 0 bytes
Processing trace traces/moba-512-3/beyond-4096/trace0044
[00:46:13] INFO simulator.py:66: Using cache eviction algorithm: S3FIFO-0.1000-2
[00:46:16] INFO simulator.py:99: Cache occupied 0 bytes
Processing trace traces/moba-512-3/beyond-4096/trace0045
[00:46:16] INFO simulator.py:66: Using cache eviction algorithm: S3FIFO-0.1000-2
[00:46:17] INFO simulator.py:99: Cache occupied 0 bytes
Processing trace traces/moba-512-3/beyond-4096/trace0046
[00:46:17] INFO simulator.py:66: Using cache eviction algorithm: S3FIFO-0.1000-2
[00:46:21] INFO simulator.py:99: Cache occupied 0 bytes
Processing trace traces/moba-512-3/beyond-4096/trace0047
[00:46:21] INFO simulator.py:66: Using cache eviction algorithm: S3FIFO-0.1000-2
[00:46:24] INFO simulator.py:99: Cache occupied 0 bytes
Processing trace traces/moba-512-3/beyond-4096/trace0048
[00:46:24] INFO simulator.py:66: Using cache eviction algorithm: S3FIFO-0.1000-2
[00:46:27] INFO simulator.py:99: Cache occupied 0 bytes
Processing trace traces/moba-512-3/beyond-4096/trace0049
[00:46:27] INFO simulator.py:66: Using cache eviction algorithm: S3FIFO-0.1000-2
[00:46:30] INFO simulator.py:99: Cache occupied 0 bytes
Processing trace traces/moba-512-3/beyond-4096/trace0050
[00:46:30] INFO simulator.py:66: Using cache eviction algorithm: S3FIFO-0.1000-2
[00:46:30] INFO simulator.py:99: Cache occupied 0 bytes
Processing trace traces/moba-512-3/beyond-4096/trace0051
[00:46:30] INFO simulator.py:66: Using cache eviction algorithm: S3FIFO-0.1000-2
[00:46:33] INFO simulator.py:99: Cache occupied 0 bytes
Processing trace traces/moba-512-3/beyond-4096/trace0052
[00:46:33] INFO simulator.py:66: Using cache eviction algorithm: S3FIFO-0.1000-2
[00:46:36] INFO simulator.py:99: Cache occupied 0 bytes
Processing trace traces/moba-512-3/beyond-4096/trace0053
[00:46:36] INFO simulator.py:66: Using cache eviction algorithm: S3FIFO-0.1000-2
[00:46:39] INFO simulator.py:99: Cache occupied 0 bytes
Processing trace traces/moba-512-3/beyond-4096/trace0054
[00:46:39] INFO simulator.py:66: Using cache eviction algorithm: S3FIFO-0.1000-2
[00:46:42] INFO simulator.py:99: Cache occupied 0 bytes
Processing trace traces/moba-512-3/beyond-4096/trace0055
[00:46:42] INFO simulator.py:66: Using cache eviction algorithm: S3FIFO-0.1000-2
[00:46:45] INFO simulator.py:99: Cache occupied 0 bytes
Processing trace traces/moba-512-3/beyond-4096/trace0056
[00:46:45] INFO simulator.py:66: Using cache eviction algorithm: S3FIFO-0.1000-2
[00:46:49] INFO simulator.py:99: Cache occupied 0 bytes
Processing trace traces/moba-512-3/beyond-4096/trace0057
[00:46:49] INFO simulator.py:66: Using cache eviction algorithm: S3FIFO-0.1000-2
[00:46:52] INFO simulator.py:99: Cache occupied 0 bytes
Processing trace traces/moba-512-3/beyond-4096/trace0058
[00:46:52] INFO simulator.py:66: Using cache eviction algorithm: S3FIFO-0.1000-2
[00:46:55] INFO simulator.py:99: Cache occupied 0 bytes
Processing trace traces/moba-512-3/beyond-4096/trace0059
[00:46:55] INFO simulator.py:66: Using cache eviction algorithm: S3FIFO-0.1000-2
[00:46:56] INFO simulator.py:99: Cache occupied 0 bytes
Processing trace traces/moba-512-3/beyond-4096/trace0060
[00:46:56] INFO simulator.py:66: Using cache eviction algorithm: S3FIFO-0.1000-2
[00:46:59] INFO simulator.py:99: Cache occupied 0 bytes
Processing trace traces/moba-512-3/beyond-4096/trace0061
[00:46:59] INFO simulator.py:66: Using cache eviction algorithm: S3FIFO-0.1000-2
[00:47:02] INFO simulator.py:99: Cache occupied 0 bytes
Processing trace traces/moba-512-3/beyond-4096/trace0062
[00:47:02] INFO simulator.py:66: Using cache eviction algorithm: S3FIFO-0.1000-2
[00:47:05] INFO simulator.py:99: Cache occupied 0 bytes
Processing trace traces/moba-512-3/beyond-4096/trace0063
[00:47:05] INFO simulator.py:66: Using cache eviction algorithm: S3FIFO-0.1000-2
[00:47:08] INFO simulator.py:99: Cache occupied 0 bytes
Processing trace traces/moba-512-3/beyond-4096/trace0064
[00:47:08] INFO simulator.py:66: Using cache eviction algorithm: S3FIFO-0.1000-2
[00:47:11] INFO simulator.py:99: Cache occupied 0 bytes
Processing trace traces/moba-512-3/beyond-4096/trace0065
[00:47:11] INFO simulator.py:66: Using cache eviction algorithm: S3FIFO-0.1000-2
[00:47:14] INFO simulator.py:99: Cache occupied 0 bytes
Processing trace traces/moba-512-3/beyond-4096/trace0066
[00:47:15] INFO simulator.py:66: Using cache eviction algorithm: S3FIFO-0.1000-2
[00:47:18] INFO simulator.py:99: Cache occupied 0 bytes
Processing trace traces/moba-512-3/beyond-4096/trace0067
[00:47:18] INFO simulator.py:66: Using cache eviction algorithm: S3FIFO-0.1000-2
[00:47:21] INFO simulator.py:99: Cache occupied 0 bytes
Processing trace traces/moba-512-3/beyond-4096/trace0068
[00:47:21] INFO simulator.py:66: Using cache eviction algorithm: S3FIFO-0.1000-2
[00:47:25] INFO simulator.py:99: Cache occupied 0 bytes
Processing trace traces/moba-512-3/beyond-4096/trace0069
[00:47:25] INFO simulator.py:66: Using cache eviction algorithm: S3FIFO-0.1000-2
[00:47:28] INFO simulator.py:99: Cache occupied 0 bytes
Processing trace traces/moba-512-3/beyond-4096/trace0070
[00:47:28] INFO simulator.py:66: Using cache eviction algorithm: S3FIFO-0.1000-2
[00:47:29] INFO simulator.py:99: Cache occupied 0 bytes
Processing trace traces/moba-512-3/beyond-4096/trace0071
[00:47:29] INFO simulator.py:66: Using cache eviction algorithm: S3FIFO-0.1000-2
[00:47:32] INFO simulator.py:99: Cache occupied 0 bytes
Processing trace traces/moba-512-3/beyond-4096/trace0072
[00:47:32] INFO simulator.py:66: Using cache eviction algorithm: S3FIFO-0.1000-2
[00:47:32] INFO simulator.py:99: Cache occupied 0 bytes
Processing trace traces/moba-512-3/beyond-4096/trace0073
[00:47:33] INFO simulator.py:66: Using cache eviction algorithm: S3FIFO-0.1000-2
[00:47:36] INFO simulator.py:99: Cache occupied 0 bytes
Processing trace traces/moba-512-3/beyond-4096/trace0074
[00:47:36] INFO simulator.py:66: Using cache eviction algorithm: S3FIFO-0.1000-2
[00:47:39] INFO simulator.py:99: Cache occupied 0 bytes
Processing trace traces/moba-512-3/beyond-4096/trace0075
[00:47:39] INFO simulator.py:66: Using cache eviction algorithm: S3FIFO-0.1000-2
[00:47:41] INFO simulator.py:99: Cache occupied 0 bytes
Processing trace traces/moba-512-3/beyond-4096/trace0076
[00:47:41] INFO simulator.py:66: Using cache eviction algorithm: S3FIFO-0.1000-2
[00:47:44] INFO simulator.py:99: Cache occupied 0 bytes
Processing trace traces/moba-512-3/beyond-4096/trace0077
[00:47:45] INFO simulator.py:66: Using cache eviction algorithm: S3FIFO-0.1000-2
[00:47:48] INFO simulator.py:99: Cache occupied 0 bytes
Processing trace traces/moba-512-3/beyond-4096/trace0078
[00:47:48] INFO simulator.py:66: Using cache eviction algorithm: S3FIFO-0.1000-2
[00:47:51] INFO simulator.py:99: Cache occupied 0 bytes
Processing trace traces/moba-512-3/beyond-4096/trace0079
[00:47:51] INFO simulator.py:66: Using cache eviction algorithm: S3FIFO-0.1000-2
[00:47:54] INFO simulator.py:99: Cache occupied 0 bytes
Processing trace traces/moba-512-3/beyond-4096/trace0080
[00:47:54] INFO simulator.py:66: Using cache eviction algorithm: S3FIFO-0.1000-2
[00:47:57] INFO simulator.py:99: Cache occupied 0 bytes
Processing trace traces/moba-512-3/beyond-4096/trace0081
[00:47:57] INFO simulator.py:66: Using cache eviction algorithm: S3FIFO-0.1000-2
[00:48:00] INFO simulator.py:99: Cache occupied 0 bytes
Processing trace traces/moba-512-3/beyond-4096/trace0082
[00:48:00] INFO simulator.py:66: Using cache eviction algorithm: S3FIFO-0.1000-2
[00:48:03] INFO simulator.py:99: Cache occupied 0 bytes
Processing trace traces/moba-512-3/beyond-4096/trace0083
[00:48:04] INFO simulator.py:66: Using cache eviction algorithm: S3FIFO-0.1000-2
[00:48:07] INFO simulator.py:99: Cache occupied 0 bytes
Processing trace traces/moba-512-3/beyond-4096/trace0084
[00:48:07] INFO simulator.py:66: Using cache eviction algorithm: S3FIFO-0.1000-2
[00:48:10] INFO simulator.py:99: Cache occupied 0 bytes
Processing trace traces/moba-512-3/beyond-4096/trace0085
[00:48:10] INFO simulator.py:66: Using cache eviction algorithm: S3FIFO-0.1000-2
[00:48:13] INFO simulator.py:99: Cache occupied 0 bytes
Processing trace traces/moba-512-3/beyond-4096/trace0086
[00:48:13] INFO simulator.py:66: Using cache eviction algorithm: S3FIFO-0.1000-2
[00:48:16] INFO simulator.py:99: Cache occupied 0 bytes
Processing trace traces/moba-512-3/beyond-4096/trace0087
[00:48:16] INFO simulator.py:66: Using cache eviction algorithm: S3FIFO-0.1000-2
[00:48:19] INFO simulator.py:99: Cache occupied 0 bytes
Processing trace traces/moba-512-3/beyond-4096/trace0088
[00:48:19] INFO simulator.py:66: Using cache eviction algorithm: S3FIFO-0.1000-2
[00:48:22] INFO simulator.py:99: Cache occupied 0 bytes
Processing trace traces/moba-512-3/beyond-4096/trace0089
[00:48:23] INFO simulator.py:66: Using cache eviction algorithm: S3FIFO-0.1000-2
[00:48:26] INFO simulator.py:99: Cache occupied 0 bytes
Processing trace traces/moba-512-3/beyond-4096/trace0090
[00:48:26] INFO simulator.py:66: Using cache eviction algorithm: S3FIFO-0.1000-2
[00:48:29] INFO simulator.py:99: Cache occupied 0 bytes
Processing trace traces/moba-512-3/beyond-4096/trace0091
[00:48:29] INFO simulator.py:66: Using cache eviction algorithm: S3FIFO-0.1000-2
[00:48:32] INFO simulator.py:99: Cache occupied 0 bytes
Processing trace traces/moba-512-3/beyond-4096/trace0092
[00:48:32] INFO simulator.py:66: Using cache eviction algorithm: S3FIFO-0.1000-2
[00:48:34] INFO simulator.py:99: Cache occupied 0 bytes
Processing trace traces/moba-512-3/beyond-4096/trace0093
[00:48:34] INFO simulator.py:66: Using cache eviction algorithm: S3FIFO-0.1000-2
[00:48:37] INFO simulator.py:99: Cache occupied 0 bytes
Processing trace traces/moba-512-3/beyond-4096/trace0094
[00:48:37] INFO simulator.py:66: Using cache eviction algorithm: S3FIFO-0.1000-2
[00:48:40] INFO simulator.py:99: Cache occupied 0 bytes
Processing trace traces/moba-512-3/beyond-4096/trace0095
[00:48:41] INFO simulator.py:66: Using cache eviction algorithm: S3FIFO-0.1000-2
[00:48:44] INFO simulator.py:99: Cache occupied 0 bytes
Processing trace traces/moba-512-3/beyond-4096/trace0096
[00:48:44] INFO simulator.py:66: Using cache eviction algorithm: S3FIFO-0.1000-2
[00:48:47] INFO simulator.py:99: Cache occupied 0 bytes
Processing trace traces/moba-512-3/beyond-4096/trace0097
[00:48:47] INFO simulator.py:66: Using cache eviction algorithm: S3FIFO-0.1000-2
[00:48:50] INFO simulator.py:99: Cache occupied 0 bytes
Processing trace traces/moba-512-3/beyond-4096/trace0098
[00:48:50] INFO simulator.py:66: Using cache eviction algorithm: S3FIFO-0.1000-2
[00:48:54] INFO simulator.py:99: Cache occupied 0 bytes
Processing trace traces/moba-512-3/beyond-4096/trace0099
[00:48:54] INFO simulator.py:66: Using cache eviction algorithm: S3FIFO-0.1000-2
[00:48:57] INFO simulator.py:99: Cache occupied 0 bytes
[00:48:57] INFO simulator.py:101: Average request miss ratio: 1.0
[00:48:57] INFO simulator.py:102: Average bytes miss ratio: 1.0
